2021-09-24 18:02:38.833 [ main ] - [ INFO  ] [ com.rbl.accounts.AccountsApplication : 55 ] - Starting AccountsApplication using Java 1.8.0_181 on bogon with PID 33039 (/Users/rbl/IdeaProjects/accounts/target/classes started by rbl in /Users/rbl/IdeaProjects/accounts)
2021-09-24 18:02:38.822 [ background-preinit ] - [ DEBUG ] [ org.jboss.logging : 152 ] - Logging Provider: org.jboss.logging.Log4j2LoggerProvider
2021-09-24 18:02:38.836 [ main ] - [ DEBUG ] [ com.rbl.accounts.AccountsApplication : 56 ] - Running with Spring Boot v2.5.2, Spring v5.3.8
2021-09-24 18:02:38.836 [ background-preinit ] - [ INFO  ] [ org.hibernate.validator.internal.util.Version : 21 ] - HV000001: Hibernate Validator 6.2.0.Final
2021-09-24 18:02:38.837 [ main ] - [ INFO  ] [ com.rbl.accounts.AccountsApplication : 663 ] - The following profiles are active: dev
2021-09-24 18:02:38.849 [ background-preinit ] - [ DEBUG ] [ o.h.v.internal.xml.config.ValidationXmlParser : 120 ] - Trying to load META-INF/validation.xml for XML based Validator configuration.
2021-09-24 18:02:38.851 [ background-preinit ] - [ DEBUG ] [ o.h.v.internal.xml.config.ResourceLoaderHelper : 60 ] - Trying to load META-INF/validation.xml via TCCL
2021-09-24 18:02:38.852 [ background-preinit ] - [ DEBUG ] [ o.h.v.internal.xml.config.ResourceLoaderHelper : 66 ] - Trying to load META-INF/validation.xml via Hibernate Validator's class loader
2021-09-24 18:02:38.853 [ background-preinit ] - [ DEBUG ] [ o.h.v.internal.xml.config.ValidationXmlParser : 127 ] - No META-INF/validation.xml found. Using annotation based configuration only.
2021-09-24 18:02:38.866 [ background-preinit ] - [ DEBUG ] [ o.h.v.i.engine.resolver.TraversableResolvers : 60 ] - Cannot find javax.persistence.Persistence on classpath. Assuming non JPA 2 environment. All properties will per default be traversable.
2021-09-24 18:02:38.916 [ background-preinit ] - [ DEBUG ] [ o.h.v.m.ResourceBundleMessageInterpolator : 172 ] - Loaded expression factory via original TCCL
2021-09-24 18:02:39.205 [ background-preinit ] - [ DEBUG ] [ o.h.v.i.engine.ValidatorFactoryConfigurationHelper : 345 ] - HV000252: Using org.hibernate.validator.internal.engine.DefaultPropertyNodeNameProvider as property node name provider.
2021-09-24 18:02:39.213 [ background-preinit ] - [ DEBUG ] [ o.h.v.i.engine.ValidatorFactoryConfigurationHelper : 420 ] - HV000234: Using org.hibernate.validator.messageinterpolation.ResourceBundleMessageInterpolator as ValidatorFactory-scoped message interpolator.
2021-09-24 18:02:39.214 [ background-preinit ] - [ DEBUG ] [ o.h.v.i.engine.ValidatorFactoryConfigurationHelper : 421 ] - HV000234: Using org.hibernate.validator.internal.engine.resolver.TraverseAllTraversableResolver as ValidatorFactory-scoped traversable resolver.
2021-09-24 18:02:39.214 [ background-preinit ] - [ DEBUG ] [ o.h.v.i.engine.ValidatorFactoryConfigurationHelper : 422 ] - HV000234: Using org.hibernate.validator.internal.util.ExecutableParameterNameProvider as ValidatorFactory-scoped parameter name provider.
2021-09-24 18:02:39.214 [ background-preinit ] - [ DEBUG ] [ o.h.v.i.engine.ValidatorFactoryConfigurationHelper : 423 ] - HV000234: Using org.hibernate.validator.internal.engine.DefaultClockProvider as ValidatorFactory-scoped clock provider.
2021-09-24 18:02:39.214 [ background-preinit ] - [ DEBUG ] [ o.h.v.i.engine.ValidatorFactoryConfigurationHelper : 424 ] - HV000234: Using org.hibernate.validator.internal.engine.scripting.DefaultScriptEvaluatorFactory as ValidatorFactory-scoped script evaluator factory.
2021-09-24 18:02:40.085 [ main ] - [ DEBUG ] [ org.apache.ibatis.logging.LogFactory : 105 ] - Logging initialized using 'class org.apache.ibatis.logging.slf4j.Slf4jImpl' adapter.
2021-09-24 18:02:40.088 [ main ] - [ DEBUG ] [ org.mybatis.spring.mapper.ClassPathMapperScanner : 435 ] - Identified candidate component class: file [/Users/rbl/IdeaProjects/accounts/target/classes/com/rbl/accounts/mapper/GoodsMapper.class]
2021-09-24 18:02:40.088 [ main ] - [ DEBUG ] [ org.mybatis.spring.mapper.ClassPathMapperScanner : 435 ] - Identified candidate component class: file [/Users/rbl/IdeaProjects/accounts/target/classes/com/rbl/accounts/mapper/TradeDetailMapper.class]
2021-09-24 18:02:40.089 [ main ] - [ DEBUG ] [ org.mybatis.spring.mapper.ClassPathMapperScanner : 49 ] - Creating MapperFactoryBean with name 'goodsMapper' and 'com.rbl.accounts.mapper.GoodsMapper' mapperInterface
2021-09-24 18:02:40.091 [ main ] - [ DEBUG ] [ org.mybatis.spring.mapper.ClassPathMapperScanner : 49 ] - Enabling autowire by type for MapperFactoryBean with name 'goodsMapper'.
2021-09-24 18:02:40.091 [ main ] - [ DEBUG ] [ org.mybatis.spring.mapper.ClassPathMapperScanner : 49 ] - Creating MapperFactoryBean with name 'tradeDetailMapper' and 'com.rbl.accounts.mapper.TradeDetailMapper' mapperInterface
2021-09-24 18:02:40.091 [ main ] - [ DEBUG ] [ org.mybatis.spring.mapper.ClassPathMapperScanner : 49 ] - Enabling autowire by type for MapperFactoryBean with name 'tradeDetailMapper'.
2021-09-24 18:02:40.584 [ main ] - [ INFO  ] [ org.apache.coyote.http11.Http11NioProtocol : 173 ] - Initializing ProtocolHandler ["http-nio-8080"]
2021-09-24 18:02:40.584 [ main ] - [ INFO  ] [ org.apache.catalina.core.StandardService : 173 ] - Starting service [Tomcat]
2021-09-24 18:02:40.585 [ main ] - [ INFO  ] [ org.apache.catalina.core.StandardEngine : 173 ] - Starting Servlet engine: [Apache Tomcat/9.0.48]
2021-09-24 18:02:40.676 [ main ] - [ INFO  ] [ o.a.c.core.ContainerBase.[Tomcat].[localhost].[/] : 173 ] - Initializing Spring embedded WebApplicationContext
2021-09-24 18:02:40.818 [ main ] - [ DEBUG ] [ com.zaxxer.hikari.HikariConfig : 971 ] - Driver class com.mysql.cj.jdbc.Driver found in Thread context class loader sun.misc.Launcher$AppClassLoader@18b4aac2
2021-09-24 18:02:41.013 [ main ] - [ DEBUG ] [ com.baomidou.mybatisplus.core.MybatisConfiguration : 79 ] - addMappedStatement: com.rbl.accounts.mapper.GoodsMapper.find
2021-09-24 18:02:41.039 [ main ] - [ DEBUG ] [ com.baomidou.mybatisplus.core.MybatisConfiguration : 79 ] - addMappedStatement: com.rbl.accounts.mapper.GoodsMapper.add
2021-09-24 18:02:41.039 [ main ] - [ DEBUG ] [ com.baomidou.mybatisplus.core.MybatisConfiguration : 79 ] - addMappedStatement: com.rbl.accounts.mapper.GoodsMapper.update
2021-09-24 18:02:41.040 [ main ] - [ DEBUG ] [ com.baomidou.mybatisplus.core.MybatisConfiguration : 79 ] - addMappedStatement: com.rbl.accounts.mapper.GoodsMapper.delete
2021-09-24 18:02:41.041 [ main ] - [ DEBUG ] [ com.baomidou.mybatisplus.core.MybatisConfiguration : 79 ] - addMappedStatement: com.rbl.accounts.mapper.GoodsMapper.getMaxGoodsId
2021-09-24 18:02:41.048 [ main ] - [ DEBUG ] [ c.b.m.e.spring.MybatisSqlSessionFactoryBean : 49 ] - Parsed mapper file: 'file [/Users/rbl/IdeaProjects/accounts/target/classes/mapper/GoodsMapper.xml]'
2021-09-24 18:02:41.057 [ main ] - [ DEBUG ] [ com.baomidou.mybatisplus.core.MybatisConfiguration : 79 ] - addMappedStatement: com.rbl.accounts.mapper.TradeDetailMapper.find
2021-09-24 18:02:41.058 [ main ] - [ DEBUG ] [ com.baomidou.mybatisplus.core.MybatisConfiguration : 79 ] - addMappedStatement: com.rbl.accounts.mapper.TradeDetailMapper.add
2021-09-24 18:02:41.058 [ main ] - [ DEBUG ] [ com.baomidou.mybatisplus.core.MybatisConfiguration : 79 ] - addMappedStatement: com.rbl.accounts.mapper.TradeDetailMapper.update
2021-09-24 18:02:41.059 [ main ] - [ DEBUG ] [ com.baomidou.mybatisplus.core.MybatisConfiguration : 79 ] - addMappedStatement: com.rbl.accounts.mapper.TradeDetailMapper.delete
2021-09-24 18:02:41.060 [ main ] - [ DEBUG ] [ c.b.m.e.spring.MybatisSqlSessionFactoryBean : 49 ] - Parsed mapper file: 'file [/Users/rbl/IdeaProjects/accounts/target/classes/mapper/TradeDetailMapper.xml]'
2021-09-24 18:02:41.299 [ main ] - [ DEBUG ] [ _.s.web.servlet.HandlerMapping.Mappings : 294 ] - 
	c.r.a.c.TradeDetailController:
	{POST [/trade/getAll]}: listAll(TradeInfoReq)
	{POST [/trade/add]}: add(TradeAddReq)
	{POST [/trade/update]}: update(TradeUpdateReq)
	{POST [/trade/delete]}: update(TradeDeleteReq)
2021-09-24 18:02:41.310 [ main ] - [ DEBUG ] [ _.s.web.servlet.HandlerMapping.Mappings : 294 ] - 
	s.d.s.w.ApiResourceController:
	{ [/swagger-resources/configuration/security]}: securityConfiguration()
	{ [/swagger-resources/configuration/ui]}: uiConfiguration()
	{ [/swagger-resources]}: swaggerResources()
2021-09-24 18:02:41.320 [ main ] - [ DEBUG ] [ _.s.web.servlet.HandlerMapping.Mappings : 294 ] - 
	o.s.b.a.w.s.e.BasicErrorController:
	{ [/error]}: error(HttpServletRequest)
	{ [/error], produces [text/html]}: errorHtml(HttpServletRequest,HttpServletResponse)
2021-09-24 18:02:41.415 [ main ] - [ DEBUG ] [ s.d.s.w.PropertySourcedRequestMappingHandlerMapping : 54 ] - initialising the handler methods
2021-09-24 18:02:41.417 [ main ] - [ INFO  ] [ s.d.s.w.PropertySourcedRequestMappingHandlerMapping : 69 ] - Mapped URL path [/v2/api-docs] onto method [springfox.documentation.swagger2.web.Swagger2Controller#getDocumentation(String, HttpServletRequest)]
2021-09-24 18:02:41.434 [ main ] - [ DEBUG ] [ o.h.v.m.ResourceBundleMessageInterpolator : 172 ] - Loaded expression factory via original TCCL
2021-09-24 18:02:41.436 [ main ] - [ DEBUG ] [ o.h.v.internal.engine.AbstractConfigurationImpl : 174 ] - Setting custom MessageInterpolator of type org.springframework.validation.beanvalidation.LocaleContextMessageInterpolator
2021-09-24 18:02:41.437 [ main ] - [ DEBUG ] [ o.h.v.internal.engine.AbstractConfigurationImpl : 206 ] - Setting custom ConstraintValidatorFactory of type org.springframework.validation.beanvalidation.SpringConstraintValidatorFactory
2021-09-24 18:02:41.437 [ main ] - [ DEBUG ] [ o.h.v.internal.engine.AbstractConfigurationImpl : 220 ] - Setting custom ParameterNameProvider of type org.springframework.validation.beanvalidation.LocalValidatorFactoryBean$1
2021-09-24 18:02:41.438 [ main ] - [ DEBUG ] [ o.h.v.internal.xml.config.ValidationXmlParser : 120 ] - Trying to load META-INF/validation.xml for XML based Validator configuration.
2021-09-24 18:02:41.439 [ main ] - [ DEBUG ] [ o.h.v.internal.xml.config.ResourceLoaderHelper : 53 ] - Trying to load META-INF/validation.xml via user class loader
2021-09-24 18:02:41.439 [ main ] - [ DEBUG ] [ o.h.v.internal.xml.config.ResourceLoaderHelper : 60 ] - Trying to load META-INF/validation.xml via TCCL
2021-09-24 18:02:41.439 [ main ] - [ DEBUG ] [ o.h.v.internal.xml.config.ResourceLoaderHelper : 66 ] - Trying to load META-INF/validation.xml via Hibernate Validator's class loader
2021-09-24 18:02:41.439 [ main ] - [ DEBUG ] [ o.h.v.internal.xml.config.ValidationXmlParser : 127 ] - No META-INF/validation.xml found. Using annotation based configuration only.
2021-09-24 18:02:41.440 [ main ] - [ DEBUG ] [ o.h.v.i.engine.resolver.TraversableResolvers : 60 ] - Cannot find javax.persistence.Persistence on classpath. Assuming non JPA 2 environment. All properties will per default be traversable.
2021-09-24 18:02:41.441 [ main ] - [ DEBUG ] [ o.h.v.i.engine.ValidatorFactoryConfigurationHelper : 345 ] - HV000252: Using org.hibernate.validator.internal.engine.DefaultPropertyNodeNameProvider as property node name provider.
2021-09-24 18:02:41.442 [ main ] - [ DEBUG ] [ o.h.v.i.engine.ValidatorFactoryConfigurationHelper : 420 ] - HV000234: Using org.springframework.validation.beanvalidation.LocaleContextMessageInterpolator as ValidatorFactory-scoped message interpolator.
2021-09-24 18:02:41.442 [ main ] - [ DEBUG ] [ o.h.v.i.engine.ValidatorFactoryConfigurationHelper : 421 ] - HV000234: Using org.hibernate.validator.internal.engine.resolver.TraverseAllTraversableResolver as ValidatorFactory-scoped traversable resolver.
2021-09-24 18:02:41.442 [ main ] - [ DEBUG ] [ o.h.v.i.engine.ValidatorFactoryConfigurationHelper : 422 ] - HV000234: Using org.hibernate.validator.internal.util.ExecutableParameterNameProvider as ValidatorFactory-scoped parameter name provider.
2021-09-24 18:02:41.442 [ main ] - [ DEBUG ] [ o.h.v.i.engine.ValidatorFactoryConfigurationHelper : 423 ] - HV000234: Using org.hibernate.validator.internal.engine.DefaultClockProvider as ValidatorFactory-scoped clock provider.
2021-09-24 18:02:41.443 [ main ] - [ DEBUG ] [ o.h.v.i.engine.ValidatorFactoryConfigurationHelper : 424 ] - HV000234: Using org.hibernate.validator.internal.engine.scripting.DefaultScriptEvaluatorFactory as ValidatorFactory-scoped script evaluator factory.
2021-09-24 18:02:41.635 [ main ] - [ DEBUG ] [ _.s.web.servlet.HandlerMapping.Mappings : 86 ] - 'beanNameHandlerMapping' {}
2021-09-24 18:02:41.657 [ main ] - [ DEBUG ] [ _.s.web.servlet.HandlerMapping.Mappings : 177 ] - 'resourceHandlerMapping' {/webjars/**=ResourceHttpRequestHandler [Classpath [META-INF/resources/webjars/]], /**=ResourceHttpRequestHandler [Classpath [META-INF/resources/], Classpath [resources/], Classpath [static/], Classpath [public/], ServletContext [/]]}
2021-09-24 18:02:41.771 [ main ] - [ INFO  ] [ org.apache.coyote.http11.Http11NioProtocol : 173 ] - Starting ProtocolHandler ["http-nio-8080"]
2021-09-24 18:02:41.805 [ main ] - [ INFO  ] [ s.d.s.web.plugins.DocumentationPluginsBootstrapper : 160 ] - Context refreshed
2021-09-24 18:02:41.834 [ main ] - [ INFO  ] [ s.d.s.web.plugins.DocumentationPluginsBootstrapper : 163 ] - Found 1 custom documentation plugin(s)
2021-09-24 18:02:41.855 [ main ] - [ DEBUG ] [ s.d.s.web.plugins.DefaultRequestHandlerCombiner : 50 ] - Total number of request handlers 9
2021-09-24 18:02:41.855 [ main ] - [ DEBUG ] [ s.d.s.web.plugins.DefaultRequestHandlerCombiner : 52 ] - Adding key: [/error], WebMvcRequestHandler{key=RequestHandlerKey{pathMappings=[/error], supportedMethods=[], supportedMediaTypes=[], producibleMediaTypes=[]}}
2021-09-24 18:02:41.857 [ main ] - [ DEBUG ] [ s.d.s.web.plugins.DefaultRequestHandlerCombiner : 52 ] - Adding key: [/error], WebMvcRequestHandler{key=RequestHandlerKey{pathMappings=[/error], supportedMethods=[], supportedMediaTypes=[], producibleMediaTypes=[text/html]}}
2021-09-24 18:02:41.857 [ main ] - [ DEBUG ] [ s.d.s.web.plugins.DefaultRequestHandlerCombiner : 52 ] - Adding key: [/swagger-resources/configuration/security], WebMvcRequestHandler{key=RequestHandlerKey{pathMappings=[/swagger-resources/configuration/security], supportedMethods=[], supportedMediaTypes=[], producibleMediaTypes=[]}}
2021-09-24 18:02:41.857 [ main ] - [ DEBUG ] [ s.d.s.web.plugins.DefaultRequestHandlerCombiner : 52 ] - Adding key: [/swagger-resources/configuration/ui], WebMvcRequestHandler{key=RequestHandlerKey{pathMappings=[/swagger-resources/configuration/ui], supportedMethods=[], supportedMediaTypes=[], producibleMediaTypes=[]}}
2021-09-24 18:02:41.858 [ main ] - [ DEBUG ] [ s.d.s.web.plugins.DefaultRequestHandlerCombiner : 52 ] - Adding key: [/swagger-resources], WebMvcRequestHandler{key=RequestHandlerKey{pathMappings=[/swagger-resources], supportedMethods=[], supportedMediaTypes=[], producibleMediaTypes=[]}}
2021-09-24 18:02:41.858 [ main ] - [ DEBUG ] [ s.d.s.web.plugins.DefaultRequestHandlerCombiner : 52 ] - Adding key: [/trade/add], WebMvcRequestHandler{key=RequestHandlerKey{pathMappings=[/trade/add], supportedMethods=[POST], supportedMediaTypes=[], producibleMediaTypes=[]}}
2021-09-24 18:02:41.858 [ main ] - [ DEBUG ] [ s.d.s.web.plugins.DefaultRequestHandlerCombiner : 52 ] - Adding key: [/trade/delete], WebMvcRequestHandler{key=RequestHandlerKey{pathMappings=[/trade/delete], supportedMethods=[POST], supportedMediaTypes=[], producibleMediaTypes=[]}}
2021-09-24 18:02:41.858 [ main ] - [ DEBUG ] [ s.d.s.web.plugins.DefaultRequestHandlerCombiner : 52 ] - Adding key: [/trade/getAll], WebMvcRequestHandler{key=RequestHandlerKey{pathMappings=[/trade/getAll], supportedMethods=[POST], supportedMediaTypes=[], producibleMediaTypes=[]}}
2021-09-24 18:02:41.858 [ main ] - [ DEBUG ] [ s.d.s.web.plugins.DefaultRequestHandlerCombiner : 52 ] - Adding key: [/trade/update], WebMvcRequestHandler{key=RequestHandlerKey{pathMappings=[/trade/update], supportedMethods=[POST], supportedMediaTypes=[], producibleMediaTypes=[]}}
2021-09-24 18:02:41.878 [ main ] - [ DEBUG ] [ s.d.s.web.plugins.DefaultRequestHandlerCombiner : 58 ] - Combined number of request handlers 9
2021-09-24 18:02:41.881 [ main ] - [ INFO  ] [ s.d.spring.web.scanners.ApiListingReferenceScanner : 41 ] - Scanning for api listing references
2021-09-24 18:02:41.917 [ main ] - [ DEBUG ] [ s.d.s.w.readers.operation.OperationModelsProvider : 76 ] - Adding return parameter of type Lcom/rbl/accounts/dto/response/TradeOperateRes;
2021-09-24 18:02:41.918 [ main ] - [ DEBUG ] [ s.d.s.w.readers.operation.OperationModelsProvider : 83 ] - Reading parameters models for handlerMethod |add|
2021-09-24 18:02:41.918 [ main ] - [ DEBUG ] [ s.d.s.w.readers.operation.OperationModelsProvider : 90 ] - Adding input parameter of type Lcom/rbl/accounts/dto/request/trade/TradeAddReq;
2021-09-24 18:02:41.919 [ main ] - [ DEBUG ] [ s.d.s.w.readers.operation.OperationModelsProvider : 94 ] - Finished reading parameters models for handlerMethod |add|
2021-09-24 18:02:41.920 [ main ] - [ DEBUG ] [ s.d.s.r.operation.SwaggerOperationModelsProvider : 84 ] - Reading parameters models for handlerMethod |add|
2021-09-24 18:02:41.954 [ main ] - [ DEBUG ] [ s.d.s.property.OptimizedModelPropertiesProvider : 127 ] - Reading property userId
2021-09-24 18:02:41.957 [ main ] - [ DEBUG ] [ s.d.schema.property.bean.BeanModelProperty : 73 ] - Evaluating unwrapped setter for member setUserId
2021-09-24 18:02:41.958 [ main ] - [ DEBUG ] [ s.d.s.p.ObjectMapperBeanPropertyNamingStrategy : 73 ] - Name 'userId' renamed to 'userId'
2021-09-24 18:02:41.959 [ main ] - [ DEBUG ] [ s.d.s.property.OptimizedModelPropertiesProvider : 315 ] - Adding property userId to model
2021-09-24 18:02:41.959 [ main ] - [ DEBUG ] [ s.d.schema.property.bean.BeanModelProperty : 73 ] - Evaluating unwrapped setter for member setUserId
2021-09-24 18:02:41.960 [ main ] - [ DEBUG ] [ s.d.schema.property.bean.BeanModelProperty : 73 ] - Evaluating unwrapped setter for member setUserId
2021-09-24 18:02:41.960 [ main ] - [ DEBUG ] [ s.d.schema.property.bean.BeanModelProperty : 73 ] - Evaluating unwrapped setter for member setUserId
2021-09-24 18:02:41.960 [ main ] - [ DEBUG ] [ s.d.schema.property.bean.BeanModelProperty : 73 ] - Evaluating unwrapped setter for member setUserId
2021-09-24 18:02:41.966 [ main ] - [ DEBUG ] [ s.d.s.property.OptimizedModelPropertiesProvider : 127 ] - Reading property projectId
2021-09-24 18:02:41.966 [ main ] - [ DEBUG ] [ s.d.schema.property.bean.BeanModelProperty : 73 ] - Evaluating unwrapped setter for member setProjectId
2021-09-24 18:02:41.966 [ main ] - [ DEBUG ] [ s.d.s.p.ObjectMapperBeanPropertyNamingStrategy : 73 ] - Name 'projectId' renamed to 'projectId'
2021-09-24 18:02:41.966 [ main ] - [ DEBUG ] [ s.d.s.property.OptimizedModelPropertiesProvider : 315 ] - Adding property projectId to model
2021-09-24 18:02:41.966 [ main ] - [ DEBUG ] [ s.d.schema.property.bean.BeanModelProperty : 73 ] - Evaluating unwrapped setter for member setProjectId
2021-09-24 18:02:41.967 [ main ] - [ DEBUG ] [ s.d.schema.property.bean.BeanModelProperty : 73 ] - Evaluating unwrapped setter for member setProjectId
2021-09-24 18:02:41.967 [ main ] - [ DEBUG ] [ s.d.schema.property.bean.BeanModelProperty : 73 ] - Evaluating unwrapped setter for member setProjectId
2021-09-24 18:02:41.967 [ main ] - [ DEBUG ] [ s.d.schema.property.bean.BeanModelProperty : 73 ] - Evaluating unwrapped setter for member setProjectId
2021-09-24 18:02:41.967 [ main ] - [ DEBUG ] [ s.d.s.property.OptimizedModelPropertiesProvider : 127 ] - Reading property batchNo
2021-09-24 18:02:41.968 [ main ] - [ DEBUG ] [ s.d.schema.property.bean.BeanModelProperty : 73 ] - Evaluating unwrapped setter for member setBatchNo
2021-09-24 18:02:41.968 [ main ] - [ DEBUG ] [ s.d.s.p.ObjectMapperBeanPropertyNamingStrategy : 73 ] - Name 'batchNo' renamed to 'batchNo'
2021-09-24 18:02:41.968 [ main ] - [ DEBUG ] [ s.d.s.property.OptimizedModelPropertiesProvider : 315 ] - Adding property batchNo to model
2021-09-24 18:02:41.968 [ main ] - [ DEBUG ] [ s.d.schema.property.bean.BeanModelProperty : 73 ] - Evaluating unwrapped setter for member setBatchNo
2021-09-24 18:02:41.968 [ main ] - [ DEBUG ] [ s.d.schema.property.bean.BeanModelProperty : 73 ] - Evaluating unwrapped setter for member setBatchNo
2021-09-24 18:02:41.968 [ main ] - [ DEBUG ] [ s.d.schema.property.bean.BeanModelProperty : 73 ] - Evaluating unwrapped setter for member setBatchNo
2021-09-24 18:02:41.969 [ main ] - [ DEBUG ] [ s.d.schema.property.bean.BeanModelProperty : 73 ] - Evaluating unwrapped setter for member setBatchNo
2021-09-24 18:02:41.969 [ main ] - [ DEBUG ] [ s.d.s.property.OptimizedModelPropertiesProvider : 127 ] - Reading property goodsId
2021-09-24 18:02:41.969 [ main ] - [ DEBUG ] [ s.d.schema.property.bean.BeanModelProperty : 73 ] - Evaluating unwrapped setter for member setGoodsId
2021-09-24 18:02:41.969 [ main ] - [ DEBUG ] [ s.d.s.p.ObjectMapperBeanPropertyNamingStrategy : 73 ] - Name 'goodsId' renamed to 'goodsId'
2021-09-24 18:02:41.969 [ main ] - [ DEBUG ] [ s.d.s.property.OptimizedModelPropertiesProvider : 315 ] - Adding property goodsId to model
2021-09-24 18:02:41.970 [ main ] - [ DEBUG ] [ s.d.schema.property.bean.BeanModelProperty : 73 ] - Evaluating unwrapped setter for member setGoodsId
2021-09-24 18:02:41.970 [ main ] - [ DEBUG ] [ s.d.schema.property.bean.BeanModelProperty : 73 ] - Evaluating unwrapped setter for member setGoodsId
2021-09-24 18:02:41.970 [ main ] - [ DEBUG ] [ s.d.schema.property.bean.BeanModelProperty : 73 ] - Evaluating unwrapped setter for member setGoodsId
2021-09-24 18:02:41.970 [ main ] - [ DEBUG ] [ s.d.schema.property.bean.BeanModelProperty : 73 ] - Evaluating unwrapped setter for member setGoodsId
2021-09-24 18:02:41.970 [ main ] - [ DEBUG ] [ s.d.s.property.OptimizedModelPropertiesProvider : 127 ] - Reading property goodsName
2021-09-24 18:02:41.971 [ main ] - [ DEBUG ] [ s.d.schema.property.bean.BeanModelProperty : 73 ] - Evaluating unwrapped setter for member setGoodsName
2021-09-24 18:02:41.971 [ main ] - [ DEBUG ] [ s.d.s.p.ObjectMapperBeanPropertyNamingStrategy : 73 ] - Name 'goodsName' renamed to 'goodsName'
2021-09-24 18:02:41.971 [ main ] - [ DEBUG ] [ s.d.s.property.OptimizedModelPropertiesProvider : 315 ] - Adding property goodsName to model
2021-09-24 18:02:41.971 [ main ] - [ DEBUG ] [ s.d.schema.property.bean.BeanModelProperty : 73 ] - Evaluating unwrapped setter for member setGoodsName
2021-09-24 18:02:41.971 [ main ] - [ DEBUG ] [ s.d.schema.property.bean.BeanModelProperty : 73 ] - Evaluating unwrapped setter for member setGoodsName
2021-09-24 18:02:41.971 [ main ] - [ DEBUG ] [ s.d.schema.property.bean.BeanModelProperty : 73 ] - Evaluating unwrapped setter for member setGoodsName
2021-09-24 18:02:41.972 [ main ] - [ DEBUG ] [ s.d.schema.property.bean.BeanModelProperty : 73 ] - Evaluating unwrapped setter for member setGoodsName
2021-09-24 18:02:41.972 [ main ] - [ DEBUG ] [ s.d.s.property.OptimizedModelPropertiesProvider : 127 ] - Reading property goodsCount
2021-09-24 18:02:41.972 [ main ] - [ DEBUG ] [ s.d.schema.property.bean.BeanModelProperty : 73 ] - Evaluating unwrapped setter for member setGoodsCount
2021-09-24 18:02:41.972 [ main ] - [ DEBUG ] [ s.d.s.p.ObjectMapperBeanPropertyNamingStrategy : 73 ] - Name 'goodsCount' renamed to 'goodsCount'
2021-09-24 18:02:41.972 [ main ] - [ DEBUG ] [ s.d.s.property.OptimizedModelPropertiesProvider : 315 ] - Adding property goodsCount to model
2021-09-24 18:02:41.973 [ main ] - [ DEBUG ] [ s.d.schema.property.bean.BeanModelProperty : 73 ] - Evaluating unwrapped setter for member setGoodsCount
2021-09-24 18:02:41.973 [ main ] - [ DEBUG ] [ s.d.schema.property.bean.BeanModelProperty : 73 ] - Evaluating unwrapped setter for member setGoodsCount
2021-09-24 18:02:41.973 [ main ] - [ DEBUG ] [ s.d.schema.property.bean.BeanModelProperty : 73 ] - Evaluating unwrapped setter for member setGoodsCount
2021-09-24 18:02:41.973 [ main ] - [ DEBUG ] [ s.d.schema.property.bean.BeanModelProperty : 73 ] - Evaluating unwrapped setter for member setGoodsCount
2021-09-24 18:02:41.973 [ main ] - [ DEBUG ] [ s.d.s.property.OptimizedModelPropertiesProvider : 127 ] - Reading property income
2021-09-24 18:02:41.974 [ main ] - [ DEBUG ] [ s.d.schema.property.bean.BeanModelProperty : 73 ] - Evaluating unwrapped setter for member setIncome
2021-09-24 18:02:41.974 [ main ] - [ DEBUG ] [ s.d.s.p.ObjectMapperBeanPropertyNamingStrategy : 73 ] - Name 'income' renamed to 'income'
2021-09-24 18:02:41.974 [ main ] - [ DEBUG ] [ s.d.s.property.OptimizedModelPropertiesProvider : 315 ] - Adding property income to model
2021-09-24 18:02:41.974 [ main ] - [ DEBUG ] [ s.d.schema.property.bean.BeanModelProperty : 73 ] - Evaluating unwrapped setter for member setIncome
2021-09-24 18:02:41.974 [ main ] - [ DEBUG ] [ s.d.schema.property.bean.BeanModelProperty : 73 ] - Evaluating unwrapped setter for member setIncome
2021-09-24 18:02:41.974 [ main ] - [ DEBUG ] [ s.d.schema.property.bean.BeanModelProperty : 73 ] - Evaluating unwrapped setter for member setIncome
2021-09-24 18:02:41.975 [ main ] - [ DEBUG ] [ s.d.schema.property.bean.BeanModelProperty : 73 ] - Evaluating unwrapped setter for member setIncome
2021-09-24 18:02:41.975 [ main ] - [ DEBUG ] [ s.d.s.property.OptimizedModelPropertiesProvider : 127 ] - Reading property sell
2021-09-24 18:02:41.975 [ main ] - [ DEBUG ] [ s.d.schema.property.bean.BeanModelProperty : 73 ] - Evaluating unwrapped setter for member setSell
2021-09-24 18:02:41.975 [ main ] - [ DEBUG ] [ s.d.s.p.ObjectMapperBeanPropertyNamingStrategy : 73 ] - Name 'sell' renamed to 'sell'
2021-09-24 18:02:41.975 [ main ] - [ DEBUG ] [ s.d.s.property.OptimizedModelPropertiesProvider : 315 ] - Adding property sell to model
2021-09-24 18:02:41.975 [ main ] - [ DEBUG ] [ s.d.schema.property.bean.BeanModelProperty : 73 ] - Evaluating unwrapped setter for member setSell
2021-09-24 18:02:41.976 [ main ] - [ DEBUG ] [ s.d.schema.property.bean.BeanModelProperty : 73 ] - Evaluating unwrapped setter for member setSell
2021-09-24 18:02:41.976 [ main ] - [ DEBUG ] [ s.d.schema.property.bean.BeanModelProperty : 73 ] - Evaluating unwrapped setter for member setSell
2021-09-24 18:02:41.976 [ main ] - [ DEBUG ] [ s.d.schema.property.bean.BeanModelProperty : 73 ] - Evaluating unwrapped setter for member setSell
2021-09-24 18:02:41.976 [ main ] - [ DEBUG ] [ s.d.s.property.OptimizedModelPropertiesProvider : 127 ] - Reading property state
2021-09-24 18:02:41.976 [ main ] - [ DEBUG ] [ s.d.schema.property.bean.BeanModelProperty : 73 ] - Evaluating unwrapped setter for member setState
2021-09-24 18:02:41.976 [ main ] - [ DEBUG ] [ s.d.s.p.ObjectMapperBeanPropertyNamingStrategy : 73 ] - Name 'state' renamed to 'state'
2021-09-24 18:02:41.977 [ main ] - [ DEBUG ] [ s.d.s.property.OptimizedModelPropertiesProvider : 315 ] - Adding property state to model
2021-09-24 18:02:41.977 [ main ] - [ DEBUG ] [ s.d.schema.property.bean.BeanModelProperty : 73 ] - Evaluating unwrapped setter for member setState
2021-09-24 18:02:41.977 [ main ] - [ DEBUG ] [ s.d.schema.property.bean.BeanModelProperty : 73 ] - Evaluating unwrapped setter for member setState
2021-09-24 18:02:41.977 [ main ] - [ DEBUG ] [ s.d.schema.property.bean.BeanModelProperty : 73 ] - Evaluating unwrapped setter for member setState
2021-09-24 18:02:41.977 [ main ] - [ DEBUG ] [ s.d.schema.property.bean.BeanModelProperty : 73 ] - Evaluating unwrapped setter for member setState
2021-09-24 18:02:41.977 [ main ] - [ DEBUG ] [ s.d.s.property.OptimizedModelPropertiesProvider : 127 ] - Reading property remarks
2021-09-24 18:02:41.978 [ main ] - [ DEBUG ] [ s.d.schema.property.bean.BeanModelProperty : 73 ] - Evaluating unwrapped setter for member setRemarks
2021-09-24 18:02:41.978 [ main ] - [ DEBUG ] [ s.d.s.p.ObjectMapperBeanPropertyNamingStrategy : 73 ] - Name 'remarks' renamed to 'remarks'
2021-09-24 18:02:41.978 [ main ] - [ DEBUG ] [ s.d.s.property.OptimizedModelPropertiesProvider : 315 ] - Adding property remarks to model
2021-09-24 18:02:41.978 [ main ] - [ DEBUG ] [ s.d.schema.property.bean.BeanModelProperty : 73 ] - Evaluating unwrapped setter for member setRemarks
2021-09-24 18:02:41.978 [ main ] - [ DEBUG ] [ s.d.schema.property.bean.BeanModelProperty : 73 ] - Evaluating unwrapped setter for member setRemarks
2021-09-24 18:02:41.978 [ main ] - [ DEBUG ] [ s.d.schema.property.bean.BeanModelProperty : 73 ] - Evaluating unwrapped setter for member setRemarks
2021-09-24 18:02:41.978 [ main ] - [ DEBUG ] [ s.d.schema.property.bean.BeanModelProperty : 73 ] - Evaluating unwrapped setter for member setRemarks
2021-09-24 18:02:41.985 [ main ] - [ DEBUG ] [ s.documentation.schema.DefaultModelProvider : 101 ] - Inferred 10 properties. Properties found batchNo, goodsCount, goodsId, goodsName, income, projectId, remarks, sell, state, userId
2021-09-24 18:02:41.986 [ main ] - [ DEBUG ] [ s.documentation.spring.web.scanners.ApiModelReader : 71 ] - Generated parameter model id: 交易记录增加请求体, name: 交易记录增加请求体, schema: {} models
2021-09-24 18:02:41.986 [ main ] - [ DEBUG ] [ s.documentation.spring.web.scanners.ApiModelReader : 89 ] - Adding a new model with key 交易记录增加请求体
2021-09-24 18:02:41.988 [ main ] - [ DEBUG ] [ s.d.s.property.OptimizedModelPropertiesProvider : 127 ] - Reading property flag
2021-09-24 18:02:41.989 [ main ] - [ DEBUG ] [ s.d.schema.property.bean.BeanModelProperty : 70 ] - Evaluating unwrapped getter for member getFlag
2021-09-24 18:02:41.989 [ main ] - [ DEBUG ] [ s.d.s.p.ObjectMapperBeanPropertyNamingStrategy : 57 ] - Name 'flag' renamed to 'flag'
2021-09-24 18:02:41.989 [ main ] - [ DEBUG ] [ s.d.s.property.OptimizedModelPropertiesProvider : 315 ] - Adding property flag to model
2021-09-24 18:02:41.989 [ main ] - [ DEBUG ] [ s.d.schema.property.bean.BeanModelProperty : 70 ] - Evaluating unwrapped getter for member getFlag
2021-09-24 18:02:41.989 [ main ] - [ DEBUG ] [ s.d.schema.property.bean.BeanModelProperty : 70 ] - Evaluating unwrapped getter for member getFlag
2021-09-24 18:02:41.989 [ main ] - [ DEBUG ] [ s.d.schema.property.bean.BeanModelProperty : 70 ] - Evaluating unwrapped getter for member getFlag
2021-09-24 18:02:41.989 [ main ] - [ DEBUG ] [ s.d.schema.property.bean.BeanModelProperty : 70 ] - Evaluating unwrapped getter for member getFlag
2021-09-24 18:02:41.990 [ main ] - [ DEBUG ] [ s.d.s.property.OptimizedModelPropertiesProvider : 127 ] - Reading property error
2021-09-24 18:02:41.990 [ main ] - [ DEBUG ] [ s.d.schema.property.bean.BeanModelProperty : 70 ] - Evaluating unwrapped getter for member getError
2021-09-24 18:02:41.990 [ main ] - [ DEBUG ] [ s.d.s.p.ObjectMapperBeanPropertyNamingStrategy : 57 ] - Name 'error' renamed to 'error'
2021-09-24 18:02:41.990 [ main ] - [ DEBUG ] [ s.d.s.property.OptimizedModelPropertiesProvider : 315 ] - Adding property error to model
2021-09-24 18:02:41.990 [ main ] - [ DEBUG ] [ s.d.schema.property.bean.BeanModelProperty : 70 ] - Evaluating unwrapped getter for member getError
2021-09-24 18:02:41.990 [ main ] - [ DEBUG ] [ s.d.schema.property.bean.BeanModelProperty : 70 ] - Evaluating unwrapped getter for member getError
2021-09-24 18:02:41.990 [ main ] - [ DEBUG ] [ s.d.schema.property.bean.BeanModelProperty : 70 ] - Evaluating unwrapped getter for member getError
2021-09-24 18:02:41.991 [ main ] - [ DEBUG ] [ s.d.schema.property.bean.BeanModelProperty : 70 ] - Evaluating unwrapped getter for member getError
2021-09-24 18:02:41.991 [ main ] - [ DEBUG ] [ s.documentation.schema.DefaultModelProvider : 101 ] - Inferred 2 properties. Properties found error, flag
2021-09-24 18:02:41.991 [ main ] - [ DEBUG ] [ s.documentation.spring.web.scanners.ApiModelReader : 71 ] - Generated parameter model id: 交易记录增删改返回体, name: 交易记录增删改返回体, schema: {} models
2021-09-24 18:02:41.991 [ main ] - [ DEBUG ] [ s.documentation.spring.web.scanners.ApiModelReader : 89 ] - Adding a new model with key 交易记录增删改返回体
2021-09-24 18:02:42.001 [ main ] - [ DEBUG ] [ s.d.s.w.r.operation.OperationResponseClassReader : 59 ] - Setting spring response class to: 交易记录增删改返回体
2021-09-24 18:02:42.002 [ main ] - [ DEBUG ] [ s.d.s.readers.operation.VendorExtensionsReader : 59 ] - Extension count 1 for method add
2021-09-24 18:02:42.002 [ main ] - [ DEBUG ] [ s.d.s.r.o.SwaggerOperationResponseClassReader : 74 ] - Setting response class to:交易记录增删改返回体
2021-09-24 18:02:42.013 [ main ] - [ DEBUG ] [ s.d.swagger.readers.operation.OperationAuthReader : 103 ] - Authorization count 0 for method add
2021-09-24 18:02:42.028 [ main ] - [ DEBUG ] [ s.d.s.w.readers.operation.OperationModelsProvider : 76 ] - Adding return parameter of type Lcom/rbl/accounts/dto/response/trade/TradeInfoRes;
2021-09-24 18:02:42.029 [ main ] - [ DEBUG ] [ s.d.s.w.readers.operation.OperationModelsProvider : 83 ] - Reading parameters models for handlerMethod |listAll|
2021-09-24 18:02:42.029 [ main ] - [ DEBUG ] [ s.d.s.w.readers.operation.OperationModelsProvider : 90 ] - Adding input parameter of type Lcom/rbl/accounts/dto/request/trade/TradeInfoReq;
2021-09-24 18:02:42.029 [ main ] - [ DEBUG ] [ s.d.s.w.readers.operation.OperationModelsProvider : 94 ] - Finished reading parameters models for handlerMethod |listAll|
2021-09-24 18:02:42.029 [ main ] - [ DEBUG ] [ s.d.s.r.operation.SwaggerOperationModelsProvider : 84 ] - Reading parameters models for handlerMethod |listAll|
2021-09-24 18:02:42.030 [ main ] - [ DEBUG ] [ s.d.s.property.OptimizedModelPropertiesProvider : 127 ] - Reading property userId
2021-09-24 18:02:42.030 [ main ] - [ DEBUG ] [ s.d.schema.property.bean.BeanModelProperty : 73 ] - Evaluating unwrapped setter for member setUserId
2021-09-24 18:02:42.030 [ main ] - [ DEBUG ] [ s.d.s.p.ObjectMapperBeanPropertyNamingStrategy : 73 ] - Name 'userId' renamed to 'userId'
2021-09-24 18:02:42.031 [ main ] - [ DEBUG ] [ s.d.s.property.OptimizedModelPropertiesProvider : 315 ] - Adding property userId to model
2021-09-24 18:02:42.031 [ main ] - [ DEBUG ] [ s.d.schema.property.bean.BeanModelProperty : 73 ] - Evaluating unwrapped setter for member setUserId
2021-09-24 18:02:42.031 [ main ] - [ DEBUG ] [ s.d.schema.property.bean.BeanModelProperty : 73 ] - Evaluating unwrapped setter for member setUserId
2021-09-24 18:02:42.031 [ main ] - [ DEBUG ] [ s.d.schema.property.bean.BeanModelProperty : 73 ] - Evaluating unwrapped setter for member setUserId
2021-09-24 18:02:42.031 [ main ] - [ DEBUG ] [ s.d.schema.property.bean.BeanModelProperty : 73 ] - Evaluating unwrapped setter for member setUserId
2021-09-24 18:02:42.031 [ main ] - [ DEBUG ] [ s.d.s.property.OptimizedModelPropertiesProvider : 127 ] - Reading property projectId
2021-09-24 18:02:42.031 [ main ] - [ DEBUG ] [ s.d.schema.property.bean.BeanModelProperty : 73 ] - Evaluating unwrapped setter for member setProjectId
2021-09-24 18:02:42.032 [ main ] - [ DEBUG ] [ s.d.s.p.ObjectMapperBeanPropertyNamingStrategy : 73 ] - Name 'projectId' renamed to 'projectId'
2021-09-24 18:02:42.032 [ main ] - [ DEBUG ] [ s.d.s.property.OptimizedModelPropertiesProvider : 315 ] - Adding property projectId to model
2021-09-24 18:02:42.032 [ main ] - [ DEBUG ] [ s.d.schema.property.bean.BeanModelProperty : 73 ] - Evaluating unwrapped setter for member setProjectId
2021-09-24 18:02:42.032 [ main ] - [ DEBUG ] [ s.d.schema.property.bean.BeanModelProperty : 73 ] - Evaluating unwrapped setter for member setProjectId
2021-09-24 18:02:42.032 [ main ] - [ DEBUG ] [ s.d.schema.property.bean.BeanModelProperty : 73 ] - Evaluating unwrapped setter for member setProjectId
2021-09-24 18:02:42.032 [ main ] - [ DEBUG ] [ s.d.schema.property.bean.BeanModelProperty : 73 ] - Evaluating unwrapped setter for member setProjectId
2021-09-24 18:02:42.032 [ main ] - [ DEBUG ] [ s.d.s.property.OptimizedModelPropertiesProvider : 127 ] - Reading property batchNo
2021-09-24 18:02:42.033 [ main ] - [ DEBUG ] [ s.d.schema.property.bean.BeanModelProperty : 73 ] - Evaluating unwrapped setter for member setBatchNo
2021-09-24 18:02:42.033 [ main ] - [ DEBUG ] [ s.d.s.p.ObjectMapperBeanPropertyNamingStrategy : 73 ] - Name 'batchNo' renamed to 'batchNo'
2021-09-24 18:02:42.033 [ main ] - [ DEBUG ] [ s.d.s.property.OptimizedModelPropertiesProvider : 315 ] - Adding property batchNo to model
2021-09-24 18:02:42.033 [ main ] - [ DEBUG ] [ s.d.schema.property.bean.BeanModelProperty : 73 ] - Evaluating unwrapped setter for member setBatchNo
2021-09-24 18:02:42.034 [ main ] - [ DEBUG ] [ s.d.schema.property.bean.BeanModelProperty : 73 ] - Evaluating unwrapped setter for member setBatchNo
2021-09-24 18:02:42.034 [ main ] - [ DEBUG ] [ s.d.schema.property.bean.BeanModelProperty : 73 ] - Evaluating unwrapped setter for member setBatchNo
2021-09-24 18:02:42.034 [ main ] - [ DEBUG ] [ s.d.schema.property.bean.BeanModelProperty : 73 ] - Evaluating unwrapped setter for member setBatchNo
2021-09-24 18:02:42.034 [ main ] - [ DEBUG ] [ s.documentation.schema.DefaultModelProvider : 101 ] - Inferred 3 properties. Properties found batchNo, projectId, userId
2021-09-24 18:02:42.034 [ main ] - [ DEBUG ] [ s.documentation.spring.web.scanners.ApiModelReader : 71 ] - Generated parameter model id: 查询交易记录请求体, name: 查询交易记录请求体, schema: {} models
2021-09-24 18:02:42.035 [ main ] - [ DEBUG ] [ s.documentation.spring.web.scanners.ApiModelReader : 89 ] - Adding a new model with key 查询交易记录请求体
2021-09-24 18:02:42.035 [ main ] - [ DEBUG ] [ s.d.s.property.OptimizedModelPropertiesProvider : 127 ] - Reading property tradeInfos
2021-09-24 18:02:42.036 [ main ] - [ DEBUG ] [ s.d.schema.property.bean.BeanModelProperty : 70 ] - Evaluating unwrapped getter for member getTradeInfos
2021-09-24 18:02:42.036 [ main ] - [ DEBUG ] [ s.d.s.p.ObjectMapperBeanPropertyNamingStrategy : 57 ] - Name 'tradeInfos' renamed to 'tradeInfos'
2021-09-24 18:02:42.036 [ main ] - [ DEBUG ] [ s.d.s.property.OptimizedModelPropertiesProvider : 315 ] - Adding property tradeInfos to model
2021-09-24 18:02:42.036 [ main ] - [ DEBUG ] [ s.d.schema.property.bean.BeanModelProperty : 70 ] - Evaluating unwrapped getter for member getTradeInfos
2021-09-24 18:02:42.036 [ main ] - [ DEBUG ] [ s.d.schema.property.bean.BeanModelProperty : 70 ] - Evaluating unwrapped getter for member getTradeInfos
2021-09-24 18:02:42.037 [ main ] - [ DEBUG ] [ s.d.schema.property.bean.BeanModelProperty : 70 ] - Evaluating unwrapped getter for member getTradeInfos
2021-09-24 18:02:42.037 [ main ] - [ DEBUG ] [ s.d.schema.property.bean.BeanModelProperty : 70 ] - Evaluating unwrapped getter for member getTradeInfos
2021-09-24 18:02:42.037 [ main ] - [ DEBUG ] [ s.documentation.schema.DefaultModelProvider : 101 ] - Inferred 1 properties. Properties found tradeInfos
2021-09-24 18:02:42.037 [ main ] - [ DEBUG ] [ s.documentation.spring.web.scanners.ApiModelReader : 71 ] - Generated parameter model id: 查询交易记录返回体, name: 查询交易记录返回体, schema: {} models
2021-09-24 18:02:42.037 [ main ] - [ DEBUG ] [ s.documentation.spring.web.scanners.ApiModelReader : 89 ] - Adding a new model with key 查询交易记录返回体
2021-09-24 18:02:42.038 [ main ] - [ DEBUG ] [ s.d.schema.DefaultModelDependencyProvider : 177 ] - Adding type Ljava/util/List<Lcom/rbl/accounts/model/TradeDetail;>; for parameter tradeInfos
2021-09-24 18:02:42.038 [ main ] - [ DEBUG ] [ s.d.schema.DefaultModelDependencyProvider : 216 ] - Adding collectionElement type Lcom/rbl/accounts/model/TradeDetail;
2021-09-24 18:02:42.038 [ main ] - [ DEBUG ] [ s.d.schema.DefaultModelDependencyProvider : 219 ] - Recursively resolving dependencies for collectionElement type Lcom/rbl/accounts/model/TradeDetail;
2021-09-24 18:02:42.040 [ main ] - [ DEBUG ] [ s.d.s.property.OptimizedModelPropertiesProvider : 127 ] - Reading property id
2021-09-24 18:02:42.041 [ main ] - [ DEBUG ] [ s.d.schema.property.bean.BeanModelProperty : 70 ] - Evaluating unwrapped getter for member getId
2021-09-24 18:02:42.041 [ main ] - [ DEBUG ] [ s.d.s.p.ObjectMapperBeanPropertyNamingStrategy : 57 ] - Name 'id' renamed to 'id'
2021-09-24 18:02:42.041 [ main ] - [ DEBUG ] [ s.d.s.property.OptimizedModelPropertiesProvider : 315 ] - Adding property id to model
2021-09-24 18:02:42.041 [ main ] - [ DEBUG ] [ s.d.schema.property.bean.BeanModelProperty : 70 ] - Evaluating unwrapped getter for member getId
2021-09-24 18:02:42.042 [ main ] - [ DEBUG ] [ s.d.schema.property.bean.BeanModelProperty : 70 ] - Evaluating unwrapped getter for member getId
2021-09-24 18:02:42.042 [ main ] - [ DEBUG ] [ s.d.schema.property.bean.BeanModelProperty : 70 ] - Evaluating unwrapped getter for member getId
2021-09-24 18:02:42.042 [ main ] - [ DEBUG ] [ s.d.schema.property.bean.BeanModelProperty : 70 ] - Evaluating unwrapped getter for member getId
2021-09-24 18:02:42.042 [ main ] - [ DEBUG ] [ s.d.s.property.OptimizedModelPropertiesProvider : 127 ] - Reading property userId
2021-09-24 18:02:42.043 [ main ] - [ DEBUG ] [ s.d.schema.property.bean.BeanModelProperty : 70 ] - Evaluating unwrapped getter for member getUserId
2021-09-24 18:02:42.043 [ main ] - [ DEBUG ] [ s.d.s.p.ObjectMapperBeanPropertyNamingStrategy : 57 ] - Name 'userId' renamed to 'userId'
2021-09-24 18:02:42.043 [ main ] - [ DEBUG ] [ s.d.s.property.OptimizedModelPropertiesProvider : 315 ] - Adding property userId to model
2021-09-24 18:02:42.043 [ main ] - [ DEBUG ] [ s.d.schema.property.bean.BeanModelProperty : 70 ] - Evaluating unwrapped getter for member getUserId
2021-09-24 18:02:42.043 [ main ] - [ DEBUG ] [ s.d.schema.property.bean.BeanModelProperty : 70 ] - Evaluating unwrapped getter for member getUserId
2021-09-24 18:02:42.043 [ main ] - [ DEBUG ] [ s.d.schema.property.bean.BeanModelProperty : 70 ] - Evaluating unwrapped getter for member getUserId
2021-09-24 18:02:42.044 [ main ] - [ DEBUG ] [ s.d.schema.property.bean.BeanModelProperty : 70 ] - Evaluating unwrapped getter for member getUserId
2021-09-24 18:02:42.044 [ main ] - [ DEBUG ] [ s.d.s.property.OptimizedModelPropertiesProvider : 127 ] - Reading property batchNo
2021-09-24 18:02:42.044 [ main ] - [ DEBUG ] [ s.d.schema.property.bean.BeanModelProperty : 70 ] - Evaluating unwrapped getter for member getBatchNo
2021-09-24 18:02:42.044 [ main ] - [ DEBUG ] [ s.d.s.p.ObjectMapperBeanPropertyNamingStrategy : 57 ] - Name 'batchNo' renamed to 'batchNo'
2021-09-24 18:02:42.044 [ main ] - [ DEBUG ] [ s.d.s.property.OptimizedModelPropertiesProvider : 315 ] - Adding property batchNo to model
2021-09-24 18:02:42.044 [ main ] - [ DEBUG ] [ s.d.schema.property.bean.BeanModelProperty : 70 ] - Evaluating unwrapped getter for member getBatchNo
2021-09-24 18:02:42.045 [ main ] - [ DEBUG ] [ s.d.schema.property.bean.BeanModelProperty : 70 ] - Evaluating unwrapped getter for member getBatchNo
2021-09-24 18:02:42.045 [ main ] - [ DEBUG ] [ s.d.schema.property.bean.BeanModelProperty : 70 ] - Evaluating unwrapped getter for member getBatchNo
2021-09-24 18:02:42.045 [ main ] - [ DEBUG ] [ s.d.schema.property.bean.BeanModelProperty : 70 ] - Evaluating unwrapped getter for member getBatchNo
2021-09-24 18:02:42.045 [ main ] - [ DEBUG ] [ s.d.s.property.OptimizedModelPropertiesProvider : 127 ] - Reading property tradeId
2021-09-24 18:02:42.046 [ main ] - [ DEBUG ] [ s.d.schema.property.bean.BeanModelProperty : 70 ] - Evaluating unwrapped getter for member getTradeId
2021-09-24 18:02:42.046 [ main ] - [ DEBUG ] [ s.d.s.p.ObjectMapperBeanPropertyNamingStrategy : 57 ] - Name 'tradeId' renamed to 'tradeId'
2021-09-24 18:02:42.046 [ main ] - [ DEBUG ] [ s.d.s.property.OptimizedModelPropertiesProvider : 315 ] - Adding property tradeId to model
2021-09-24 18:02:42.046 [ main ] - [ DEBUG ] [ s.d.schema.property.bean.BeanModelProperty : 70 ] - Evaluating unwrapped getter for member getTradeId
2021-09-24 18:02:42.046 [ main ] - [ DEBUG ] [ s.d.schema.property.bean.BeanModelProperty : 70 ] - Evaluating unwrapped getter for member getTradeId
2021-09-24 18:02:42.047 [ main ] - [ DEBUG ] [ s.d.schema.property.bean.BeanModelProperty : 70 ] - Evaluating unwrapped getter for member getTradeId
2021-09-24 18:02:42.047 [ main ] - [ DEBUG ] [ s.d.schema.property.bean.BeanModelProperty : 70 ] - Evaluating unwrapped getter for member getTradeId
2021-09-24 18:02:42.047 [ main ] - [ DEBUG ] [ s.d.s.property.OptimizedModelPropertiesProvider : 127 ] - Reading property projectId
2021-09-24 18:02:42.047 [ main ] - [ DEBUG ] [ s.d.schema.property.bean.BeanModelProperty : 70 ] - Evaluating unwrapped getter for member getProjectId
2021-09-24 18:02:42.048 [ main ] - [ DEBUG ] [ s.d.s.p.ObjectMapperBeanPropertyNamingStrategy : 57 ] - Name 'projectId' renamed to 'projectId'
2021-09-24 18:02:42.048 [ main ] - [ DEBUG ] [ s.d.s.property.OptimizedModelPropertiesProvider : 315 ] - Adding property projectId to model
2021-09-24 18:02:42.048 [ main ] - [ DEBUG ] [ s.d.schema.property.bean.BeanModelProperty : 70 ] - Evaluating unwrapped getter for member getProjectId
2021-09-24 18:02:42.048 [ main ] - [ DEBUG ] [ s.d.schema.property.bean.BeanModelProperty : 70 ] - Evaluating unwrapped getter for member getProjectId
2021-09-24 18:02:42.048 [ main ] - [ DEBUG ] [ s.d.schema.property.bean.BeanModelProperty : 70 ] - Evaluating unwrapped getter for member getProjectId
2021-09-24 18:02:42.048 [ main ] - [ DEBUG ] [ s.d.schema.property.bean.BeanModelProperty : 70 ] - Evaluating unwrapped getter for member getProjectId
2021-09-24 18:02:42.049 [ main ] - [ DEBUG ] [ s.d.s.property.OptimizedModelPropertiesProvider : 127 ] - Reading property goodsId
2021-09-24 18:02:42.049 [ main ] - [ DEBUG ] [ s.d.schema.property.bean.BeanModelProperty : 70 ] - Evaluating unwrapped getter for member getGoodsId
2021-09-24 18:02:42.049 [ main ] - [ DEBUG ] [ s.d.s.p.ObjectMapperBeanPropertyNamingStrategy : 57 ] - Name 'goodsId' renamed to 'goodsId'
2021-09-24 18:02:42.050 [ main ] - [ DEBUG ] [ s.d.s.property.OptimizedModelPropertiesProvider : 315 ] - Adding property goodsId to model
2021-09-24 18:02:42.050 [ main ] - [ DEBUG ] [ s.d.schema.property.bean.BeanModelProperty : 70 ] - Evaluating unwrapped getter for member getGoodsId
2021-09-24 18:02:42.050 [ main ] - [ DEBUG ] [ s.d.schema.property.bean.BeanModelProperty : 70 ] - Evaluating unwrapped getter for member getGoodsId
2021-09-24 18:02:42.050 [ main ] - [ DEBUG ] [ s.d.schema.property.bean.BeanModelProperty : 70 ] - Evaluating unwrapped getter for member getGoodsId
2021-09-24 18:02:42.051 [ main ] - [ DEBUG ] [ s.d.schema.property.bean.BeanModelProperty : 70 ] - Evaluating unwrapped getter for member getGoodsId
2021-09-24 18:02:42.051 [ main ] - [ DEBUG ] [ s.d.s.property.OptimizedModelPropertiesProvider : 127 ] - Reading property goodsName
2021-09-24 18:02:42.051 [ main ] - [ DEBUG ] [ s.d.schema.property.bean.BeanModelProperty : 70 ] - Evaluating unwrapped getter for member getGoodsName
2021-09-24 18:02:42.051 [ main ] - [ DEBUG ] [ s.d.s.p.ObjectMapperBeanPropertyNamingStrategy : 57 ] - Name 'goodsName' renamed to 'goodsName'
2021-09-24 18:02:42.052 [ main ] - [ DEBUG ] [ s.d.s.property.OptimizedModelPropertiesProvider : 315 ] - Adding property goodsName to model
2021-09-24 18:02:42.052 [ main ] - [ DEBUG ] [ s.d.schema.property.bean.BeanModelProperty : 70 ] - Evaluating unwrapped getter for member getGoodsName
2021-09-24 18:02:42.052 [ main ] - [ DEBUG ] [ s.d.schema.property.bean.BeanModelProperty : 70 ] - Evaluating unwrapped getter for member getGoodsName
2021-09-24 18:02:42.052 [ main ] - [ DEBUG ] [ s.d.schema.property.bean.BeanModelProperty : 70 ] - Evaluating unwrapped getter for member getGoodsName
2021-09-24 18:02:42.052 [ main ] - [ DEBUG ] [ s.d.schema.property.bean.BeanModelProperty : 70 ] - Evaluating unwrapped getter for member getGoodsName
2021-09-24 18:02:42.052 [ main ] - [ DEBUG ] [ s.d.s.property.OptimizedModelPropertiesProvider : 127 ] - Reading property goodsCount
2021-09-24 18:02:42.053 [ main ] - [ DEBUG ] [ s.d.schema.property.bean.BeanModelProperty : 70 ] - Evaluating unwrapped getter for member getGoodsCount
2021-09-24 18:02:42.053 [ main ] - [ DEBUG ] [ s.d.s.p.ObjectMapperBeanPropertyNamingStrategy : 57 ] - Name 'goodsCount' renamed to 'goodsCount'
2021-09-24 18:02:42.053 [ main ] - [ DEBUG ] [ s.d.s.property.OptimizedModelPropertiesProvider : 315 ] - Adding property goodsCount to model
2021-09-24 18:02:42.054 [ main ] - [ DEBUG ] [ s.d.schema.property.bean.BeanModelProperty : 70 ] - Evaluating unwrapped getter for member getGoodsCount
2021-09-24 18:02:42.054 [ main ] - [ DEBUG ] [ s.d.schema.property.bean.BeanModelProperty : 70 ] - Evaluating unwrapped getter for member getGoodsCount
2021-09-24 18:02:42.054 [ main ] - [ DEBUG ] [ s.d.schema.property.bean.BeanModelProperty : 70 ] - Evaluating unwrapped getter for member getGoodsCount
2021-09-24 18:02:42.055 [ main ] - [ DEBUG ] [ s.d.schema.property.bean.BeanModelProperty : 70 ] - Evaluating unwrapped getter for member getGoodsCount
2021-09-24 18:02:42.055 [ main ] - [ DEBUG ] [ s.d.s.property.OptimizedModelPropertiesProvider : 127 ] - Reading property income
2021-09-24 18:02:42.055 [ main ] - [ DEBUG ] [ s.d.schema.property.bean.BeanModelProperty : 70 ] - Evaluating unwrapped getter for member getIncome
2021-09-24 18:02:42.055 [ main ] - [ DEBUG ] [ s.d.s.p.ObjectMapperBeanPropertyNamingStrategy : 57 ] - Name 'income' renamed to 'income'
2021-09-24 18:02:42.056 [ main ] - [ DEBUG ] [ s.d.s.property.OptimizedModelPropertiesProvider : 315 ] - Adding property income to model
2021-09-24 18:02:42.056 [ main ] - [ DEBUG ] [ s.d.schema.property.bean.BeanModelProperty : 70 ] - Evaluating unwrapped getter for member getIncome
2021-09-24 18:02:42.056 [ main ] - [ DEBUG ] [ s.d.schema.property.bean.BeanModelProperty : 70 ] - Evaluating unwrapped getter for member getIncome
2021-09-24 18:02:42.056 [ main ] - [ DEBUG ] [ s.d.schema.property.bean.BeanModelProperty : 70 ] - Evaluating unwrapped getter for member getIncome
2021-09-24 18:02:42.056 [ main ] - [ DEBUG ] [ s.d.schema.property.bean.BeanModelProperty : 70 ] - Evaluating unwrapped getter for member getIncome
2021-09-24 18:02:42.056 [ main ] - [ DEBUG ] [ s.d.s.property.OptimizedModelPropertiesProvider : 127 ] - Reading property sell
2021-09-24 18:02:42.057 [ main ] - [ DEBUG ] [ s.d.schema.property.bean.BeanModelProperty : 70 ] - Evaluating unwrapped getter for member getSell
2021-09-24 18:02:42.057 [ main ] - [ DEBUG ] [ s.d.s.p.ObjectMapperBeanPropertyNamingStrategy : 57 ] - Name 'sell' renamed to 'sell'
2021-09-24 18:02:42.057 [ main ] - [ DEBUG ] [ s.d.s.property.OptimizedModelPropertiesProvider : 315 ] - Adding property sell to model
2021-09-24 18:02:42.057 [ main ] - [ DEBUG ] [ s.d.schema.property.bean.BeanModelProperty : 70 ] - Evaluating unwrapped getter for member getSell
2021-09-24 18:02:42.057 [ main ] - [ DEBUG ] [ s.d.schema.property.bean.BeanModelProperty : 70 ] - Evaluating unwrapped getter for member getSell
2021-09-24 18:02:42.057 [ main ] - [ DEBUG ] [ s.d.schema.property.bean.BeanModelProperty : 70 ] - Evaluating unwrapped getter for member getSell
2021-09-24 18:02:42.057 [ main ] - [ DEBUG ] [ s.d.schema.property.bean.BeanModelProperty : 70 ] - Evaluating unwrapped getter for member getSell
2021-09-24 18:02:42.058 [ main ] - [ DEBUG ] [ s.d.s.property.OptimizedModelPropertiesProvider : 127 ] - Reading property remarks
2021-09-24 18:02:42.058 [ main ] - [ DEBUG ] [ s.d.schema.property.bean.BeanModelProperty : 70 ] - Evaluating unwrapped getter for member getRemarks
2021-09-24 18:02:42.058 [ main ] - [ DEBUG ] [ s.d.s.p.ObjectMapperBeanPropertyNamingStrategy : 57 ] - Name 'remarks' renamed to 'remarks'
2021-09-24 18:02:42.058 [ main ] - [ DEBUG ] [ s.d.s.property.OptimizedModelPropertiesProvider : 315 ] - Adding property remarks to model
2021-09-24 18:02:42.058 [ main ] - [ DEBUG ] [ s.d.schema.property.bean.BeanModelProperty : 70 ] - Evaluating unwrapped getter for member getRemarks
2021-09-24 18:02:42.059 [ main ] - [ DEBUG ] [ s.d.schema.property.bean.BeanModelProperty : 70 ] - Evaluating unwrapped getter for member getRemarks
2021-09-24 18:02:42.059 [ main ] - [ DEBUG ] [ s.d.schema.property.bean.BeanModelProperty : 70 ] - Evaluating unwrapped getter for member getRemarks
2021-09-24 18:02:42.059 [ main ] - [ DEBUG ] [ s.d.schema.property.bean.BeanModelProperty : 70 ] - Evaluating unwrapped getter for member getRemarks
2021-09-24 18:02:42.060 [ main ] - [ DEBUG ] [ s.d.s.property.OptimizedModelPropertiesProvider : 127 ] - Reading property state
2021-09-24 18:02:42.060 [ main ] - [ DEBUG ] [ s.d.schema.property.bean.BeanModelProperty : 70 ] - Evaluating unwrapped getter for member getState
2021-09-24 18:02:42.060 [ main ] - [ DEBUG ] [ s.d.s.p.ObjectMapperBeanPropertyNamingStrategy : 57 ] - Name 'state' renamed to 'state'
2021-09-24 18:02:42.061 [ main ] - [ DEBUG ] [ s.d.s.property.OptimizedModelPropertiesProvider : 315 ] - Adding property state to model
2021-09-24 18:02:42.061 [ main ] - [ DEBUG ] [ s.d.schema.property.bean.BeanModelProperty : 70 ] - Evaluating unwrapped getter for member getState
2021-09-24 18:02:42.062 [ main ] - [ DEBUG ] [ s.d.schema.property.bean.BeanModelProperty : 70 ] - Evaluating unwrapped getter for member getState
2021-09-24 18:02:42.062 [ main ] - [ DEBUG ] [ s.d.schema.property.bean.BeanModelProperty : 70 ] - Evaluating unwrapped getter for member getState
2021-09-24 18:02:42.062 [ main ] - [ DEBUG ] [ s.d.schema.property.bean.BeanModelProperty : 70 ] - Evaluating unwrapped getter for member getState
2021-09-24 18:02:42.063 [ main ] - [ DEBUG ] [ s.d.s.property.OptimizedModelPropertiesProvider : 127 ] - Reading property sellTime
2021-09-24 18:02:42.063 [ main ] - [ DEBUG ] [ s.d.schema.property.bean.BeanModelProperty : 70 ] - Evaluating unwrapped getter for member getSellTime
2021-09-24 18:02:42.063 [ main ] - [ DEBUG ] [ s.d.s.p.ObjectMapperBeanPropertyNamingStrategy : 57 ] - Name 'sellTime' renamed to 'sellTime'
2021-09-24 18:02:42.063 [ main ] - [ DEBUG ] [ s.d.s.property.OptimizedModelPropertiesProvider : 315 ] - Adding property sellTime to model
2021-09-24 18:02:42.063 [ main ] - [ DEBUG ] [ s.d.schema.property.bean.BeanModelProperty : 70 ] - Evaluating unwrapped getter for member getSellTime
2021-09-24 18:02:42.064 [ main ] - [ DEBUG ] [ s.d.schema.property.bean.BeanModelProperty : 70 ] - Evaluating unwrapped getter for member getSellTime
2021-09-24 18:02:42.064 [ main ] - [ DEBUG ] [ s.d.schema.property.bean.BeanModelProperty : 70 ] - Evaluating unwrapped getter for member getSellTime
2021-09-24 18:02:42.064 [ main ] - [ DEBUG ] [ s.d.schema.property.bean.BeanModelProperty : 70 ] - Evaluating unwrapped getter for member getSellTime
2021-09-24 18:02:42.064 [ main ] - [ DEBUG ] [ s.d.s.property.OptimizedModelPropertiesProvider : 127 ] - Reading property createTime
2021-09-24 18:02:42.065 [ main ] - [ DEBUG ] [ s.d.schema.property.bean.BeanModelProperty : 70 ] - Evaluating unwrapped getter for member getCreateTime
2021-09-24 18:02:42.065 [ main ] - [ DEBUG ] [ s.d.s.p.ObjectMapperBeanPropertyNamingStrategy : 57 ] - Name 'createTime' renamed to 'createTime'
2021-09-24 18:02:42.065 [ main ] - [ DEBUG ] [ s.d.s.property.OptimizedModelPropertiesProvider : 315 ] - Adding property createTime to model
2021-09-24 18:02:42.065 [ main ] - [ DEBUG ] [ s.d.schema.property.bean.BeanModelProperty : 70 ] - Evaluating unwrapped getter for member getCreateTime
2021-09-24 18:02:42.065 [ main ] - [ DEBUG ] [ s.d.schema.property.bean.BeanModelProperty : 70 ] - Evaluating unwrapped getter for member getCreateTime
2021-09-24 18:02:42.065 [ main ] - [ DEBUG ] [ s.d.schema.property.bean.BeanModelProperty : 70 ] - Evaluating unwrapped getter for member getCreateTime
2021-09-24 18:02:42.066 [ main ] - [ DEBUG ] [ s.d.schema.property.bean.BeanModelProperty : 70 ] - Evaluating unwrapped getter for member getCreateTime
2021-09-24 18:02:42.067 [ main ] - [ DEBUG ] [ s.d.s.property.OptimizedModelPropertiesProvider : 127 ] - Reading property updateTime
2021-09-24 18:02:42.067 [ main ] - [ DEBUG ] [ s.d.schema.property.bean.BeanModelProperty : 70 ] - Evaluating unwrapped getter for member getUpdateTime
2021-09-24 18:02:42.068 [ main ] - [ DEBUG ] [ s.d.s.p.ObjectMapperBeanPropertyNamingStrategy : 57 ] - Name 'updateTime' renamed to 'updateTime'
2021-09-24 18:02:42.068 [ main ] - [ DEBUG ] [ s.d.s.property.OptimizedModelPropertiesProvider : 315 ] - Adding property updateTime to model
2021-09-24 18:02:42.068 [ main ] - [ DEBUG ] [ s.d.schema.property.bean.BeanModelProperty : 70 ] - Evaluating unwrapped getter for member getUpdateTime
2021-09-24 18:02:42.068 [ main ] - [ DEBUG ] [ s.d.schema.property.bean.BeanModelProperty : 70 ] - Evaluating unwrapped getter for member getUpdateTime
2021-09-24 18:02:42.069 [ main ] - [ DEBUG ] [ s.d.schema.property.bean.BeanModelProperty : 70 ] - Evaluating unwrapped getter for member getUpdateTime
2021-09-24 18:02:42.069 [ main ] - [ DEBUG ] [ s.d.schema.property.bean.BeanModelProperty : 70 ] - Evaluating unwrapped getter for member getUpdateTime
2021-09-24 18:02:42.070 [ main ] - [ DEBUG ] [ s.documentation.schema.DefaultModelProvider : 86 ] - Skipping model of type Ljava/util/List<Lcom/rbl/accounts/model/TradeDetail;>; as its either a container type, map, enum or base type, or its already been handled
2021-09-24 18:02:42.071 [ main ] - [ DEBUG ] [ s.documentation.schema.DefaultModelProvider : 101 ] - Inferred 15 properties. Properties found batchNo, createTime, goodsCount, goodsId, goodsName, id, income, projectId, remarks, sell, sellTime, state, tradeId, updateTime, userId
2021-09-24 18:02:42.072 [ main ] - [ DEBUG ] [ s.documentation.spring.web.scanners.ApiModelReader : 89 ] - Adding a new model with key TradeDetail
2021-09-24 18:02:42.076 [ main ] - [ DEBUG ] [ s.d.s.w.r.operation.OperationResponseClassReader : 59 ] - Setting spring response class to: 查询交易记录返回体
2021-09-24 18:02:42.077 [ main ] - [ DEBUG ] [ s.d.s.readers.operation.VendorExtensionsReader : 59 ] - Extension count 1 for method listAll
2021-09-24 18:02:42.078 [ main ] - [ DEBUG ] [ s.d.s.r.o.SwaggerOperationResponseClassReader : 74 ] - Setting response class to:查询交易记录返回体
2021-09-24 18:02:42.079 [ main ] - [ DEBUG ] [ s.d.swagger.readers.operation.OperationAuthReader : 103 ] - Authorization count 0 for method listAll
2021-09-24 18:02:42.084 [ main ] - [ DEBUG ] [ s.d.s.w.readers.operation.OperationModelsProvider : 76 ] - Adding return parameter of type Lcom/rbl/accounts/dto/response/TradeOperateRes;
2021-09-24 18:02:42.085 [ main ] - [ DEBUG ] [ s.d.s.w.readers.operation.OperationModelsProvider : 83 ] - Reading parameters models for handlerMethod |update|
2021-09-24 18:02:42.085 [ main ] - [ DEBUG ] [ s.d.s.w.readers.operation.OperationModelsProvider : 90 ] - Adding input parameter of type Lcom/rbl/accounts/dto/request/trade/TradeDeleteReq;
2021-09-24 18:02:42.085 [ main ] - [ DEBUG ] [ s.d.s.w.readers.operation.OperationModelsProvider : 94 ] - Finished reading parameters models for handlerMethod |update|
2021-09-24 18:02:42.085 [ main ] - [ DEBUG ] [ s.d.s.r.operation.SwaggerOperationModelsProvider : 84 ] - Reading parameters models for handlerMethod |update|
2021-09-24 18:02:42.087 [ main ] - [ DEBUG ] [ s.d.s.property.OptimizedModelPropertiesProvider : 127 ] - Reading property userId
2021-09-24 18:02:42.088 [ main ] - [ DEBUG ] [ s.d.schema.property.bean.BeanModelProperty : 73 ] - Evaluating unwrapped setter for member setUserId
2021-09-24 18:02:42.088 [ main ] - [ DEBUG ] [ s.d.s.p.ObjectMapperBeanPropertyNamingStrategy : 73 ] - Name 'userId' renamed to 'userId'
2021-09-24 18:02:42.088 [ main ] - [ DEBUG ] [ s.d.s.property.OptimizedModelPropertiesProvider : 315 ] - Adding property userId to model
2021-09-24 18:02:42.088 [ main ] - [ DEBUG ] [ s.d.schema.property.bean.BeanModelProperty : 73 ] - Evaluating unwrapped setter for member setUserId
2021-09-24 18:02:42.088 [ main ] - [ DEBUG ] [ s.d.schema.property.bean.BeanModelProperty : 73 ] - Evaluating unwrapped setter for member setUserId
2021-09-24 18:02:42.089 [ main ] - [ DEBUG ] [ s.d.schema.property.bean.BeanModelProperty : 73 ] - Evaluating unwrapped setter for member setUserId
2021-09-24 18:02:42.089 [ main ] - [ DEBUG ] [ s.d.schema.property.bean.BeanModelProperty : 73 ] - Evaluating unwrapped setter for member setUserId
2021-09-24 18:02:42.089 [ main ] - [ DEBUG ] [ s.d.s.property.OptimizedModelPropertiesProvider : 127 ] - Reading property tradeId
2021-09-24 18:02:42.089 [ main ] - [ DEBUG ] [ s.d.schema.property.bean.BeanModelProperty : 73 ] - Evaluating unwrapped setter for member setTradeId
2021-09-24 18:02:42.090 [ main ] - [ DEBUG ] [ s.d.s.p.ObjectMapperBeanPropertyNamingStrategy : 73 ] - Name 'tradeId' renamed to 'tradeId'
2021-09-24 18:02:42.090 [ main ] - [ DEBUG ] [ s.d.s.property.OptimizedModelPropertiesProvider : 315 ] - Adding property tradeId to model
2021-09-24 18:02:42.090 [ main ] - [ DEBUG ] [ s.d.schema.property.bean.BeanModelProperty : 73 ] - Evaluating unwrapped setter for member setTradeId
2021-09-24 18:02:42.090 [ main ] - [ DEBUG ] [ s.d.schema.property.bean.BeanModelProperty : 73 ] - Evaluating unwrapped setter for member setTradeId
2021-09-24 18:02:42.090 [ main ] - [ DEBUG ] [ s.d.schema.property.bean.BeanModelProperty : 73 ] - Evaluating unwrapped setter for member setTradeId
2021-09-24 18:02:42.091 [ main ] - [ DEBUG ] [ s.d.schema.property.bean.BeanModelProperty : 73 ] - Evaluating unwrapped setter for member setTradeId
2021-09-24 18:02:42.091 [ main ] - [ DEBUG ] [ s.d.s.property.OptimizedModelPropertiesProvider : 127 ] - Reading property state
2021-09-24 18:02:42.091 [ main ] - [ DEBUG ] [ s.d.schema.property.bean.BeanModelProperty : 73 ] - Evaluating unwrapped setter for member setState
2021-09-24 18:02:42.092 [ main ] - [ DEBUG ] [ s.d.s.p.ObjectMapperBeanPropertyNamingStrategy : 73 ] - Name 'state' renamed to 'state'
2021-09-24 18:02:42.092 [ main ] - [ DEBUG ] [ s.d.s.property.OptimizedModelPropertiesProvider : 315 ] - Adding property state to model
2021-09-24 18:02:42.093 [ main ] - [ DEBUG ] [ s.d.schema.property.bean.BeanModelProperty : 73 ] - Evaluating unwrapped setter for member setState
2021-09-24 18:02:42.093 [ main ] - [ DEBUG ] [ s.d.schema.property.bean.BeanModelProperty : 73 ] - Evaluating unwrapped setter for member setState
2021-09-24 18:02:42.093 [ main ] - [ DEBUG ] [ s.d.schema.property.bean.BeanModelProperty : 73 ] - Evaluating unwrapped setter for member setState
2021-09-24 18:02:42.094 [ main ] - [ DEBUG ] [ s.d.schema.property.bean.BeanModelProperty : 73 ] - Evaluating unwrapped setter for member setState
2021-09-24 18:02:42.095 [ main ] - [ DEBUG ] [ s.documentation.schema.DefaultModelProvider : 101 ] - Inferred 3 properties. Properties found state, tradeId, userId
2021-09-24 18:02:42.095 [ main ] - [ DEBUG ] [ s.documentation.spring.web.scanners.ApiModelReader : 71 ] - Generated parameter model id: 交易记录删除请求体, name: 交易记录删除请求体, schema: {} models
2021-09-24 18:02:42.095 [ main ] - [ DEBUG ] [ s.documentation.spring.web.scanners.ApiModelReader : 89 ] - Adding a new model with key 交易记录删除请求体
2021-09-24 18:02:42.097 [ main ] - [ DEBUG ] [ s.documentation.spring.web.scanners.ApiModelReader : 71 ] - Generated parameter model id: 交易记录增删改返回体, name: 交易记录增删改返回体, schema: {} models
2021-09-24 18:02:42.100 [ main ] - [ DEBUG ] [ s.d.s.w.r.operation.OperationResponseClassReader : 59 ] - Setting spring response class to: 交易记录增删改返回体
2021-09-24 18:02:42.101 [ main ] - [ DEBUG ] [ s.d.s.readers.operation.VendorExtensionsReader : 59 ] - Extension count 1 for method update
2021-09-24 18:02:42.102 [ main ] - [ DEBUG ] [ s.d.s.r.o.SwaggerOperationResponseClassReader : 74 ] - Setting response class to:交易记录增删改返回体
2021-09-24 18:02:42.103 [ main ] - [ DEBUG ] [ s.d.swagger.readers.operation.OperationAuthReader : 103 ] - Authorization count 0 for method update
2021-09-24 18:02:42.105 [ main ] - [ DEBUG ] [ s.d.s.w.readers.operation.OperationModelsProvider : 76 ] - Adding return parameter of type Lcom/rbl/accounts/dto/response/TradeOperateRes;
2021-09-24 18:02:42.106 [ main ] - [ DEBUG ] [ s.d.s.w.readers.operation.OperationModelsProvider : 83 ] - Reading parameters models for handlerMethod |update|
2021-09-24 18:02:42.107 [ main ] - [ DEBUG ] [ s.d.s.w.readers.operation.OperationModelsProvider : 90 ] - Adding input parameter of type Lcom/rbl/accounts/dto/request/trade/TradeUpdateReq;
2021-09-24 18:02:42.107 [ main ] - [ DEBUG ] [ s.d.s.w.readers.operation.OperationModelsProvider : 94 ] - Finished reading parameters models for handlerMethod |update|
2021-09-24 18:02:42.107 [ main ] - [ DEBUG ] [ s.d.s.r.operation.SwaggerOperationModelsProvider : 84 ] - Reading parameters models for handlerMethod |update|
2021-09-24 18:02:42.109 [ main ] - [ DEBUG ] [ s.d.s.property.OptimizedModelPropertiesProvider : 127 ] - Reading property userId
2021-09-24 18:02:42.110 [ main ] - [ DEBUG ] [ s.d.schema.property.bean.BeanModelProperty : 73 ] - Evaluating unwrapped setter for member setUserId
2021-09-24 18:02:42.110 [ main ] - [ DEBUG ] [ s.d.s.p.ObjectMapperBeanPropertyNamingStrategy : 73 ] - Name 'userId' renamed to 'userId'
2021-09-24 18:02:42.111 [ main ] - [ DEBUG ] [ s.d.s.property.OptimizedModelPropertiesProvider : 315 ] - Adding property userId to model
2021-09-24 18:02:42.111 [ main ] - [ DEBUG ] [ s.d.schema.property.bean.BeanModelProperty : 73 ] - Evaluating unwrapped setter for member setUserId
2021-09-24 18:02:42.111 [ main ] - [ DEBUG ] [ s.d.schema.property.bean.BeanModelProperty : 73 ] - Evaluating unwrapped setter for member setUserId
2021-09-24 18:02:42.112 [ main ] - [ DEBUG ] [ s.d.schema.property.bean.BeanModelProperty : 73 ] - Evaluating unwrapped setter for member setUserId
2021-09-24 18:02:42.112 [ main ] - [ DEBUG ] [ s.d.schema.property.bean.BeanModelProperty : 73 ] - Evaluating unwrapped setter for member setUserId
2021-09-24 18:02:42.112 [ main ] - [ DEBUG ] [ s.d.s.property.OptimizedModelPropertiesProvider : 127 ] - Reading property tradeId
2021-09-24 18:02:42.112 [ main ] - [ DEBUG ] [ s.d.schema.property.bean.BeanModelProperty : 73 ] - Evaluating unwrapped setter for member setTradeId
2021-09-24 18:02:42.113 [ main ] - [ DEBUG ] [ s.d.s.p.ObjectMapperBeanPropertyNamingStrategy : 73 ] - Name 'tradeId' renamed to 'tradeId'
2021-09-24 18:02:42.113 [ main ] - [ DEBUG ] [ s.d.s.property.OptimizedModelPropertiesProvider : 315 ] - Adding property tradeId to model
2021-09-24 18:02:42.113 [ main ] - [ DEBUG ] [ s.d.schema.property.bean.BeanModelProperty : 73 ] - Evaluating unwrapped setter for member setTradeId
2021-09-24 18:02:42.113 [ main ] - [ DEBUG ] [ s.d.schema.property.bean.BeanModelProperty : 73 ] - Evaluating unwrapped setter for member setTradeId
2021-09-24 18:02:42.113 [ main ] - [ DEBUG ] [ s.d.schema.property.bean.BeanModelProperty : 73 ] - Evaluating unwrapped setter for member setTradeId
2021-09-24 18:02:42.114 [ main ] - [ DEBUG ] [ s.d.schema.property.bean.BeanModelProperty : 73 ] - Evaluating unwrapped setter for member setTradeId
2021-09-24 18:02:42.115 [ main ] - [ DEBUG ] [ s.d.s.property.OptimizedModelPropertiesProvider : 127 ] - Reading property batchNo
2021-09-24 18:02:42.115 [ main ] - [ DEBUG ] [ s.d.schema.property.bean.BeanModelProperty : 73 ] - Evaluating unwrapped setter for member setBatchNo
2021-09-24 18:02:42.116 [ main ] - [ DEBUG ] [ s.d.s.p.ObjectMapperBeanPropertyNamingStrategy : 73 ] - Name 'batchNo' renamed to 'batchNo'
2021-09-24 18:02:42.116 [ main ] - [ DEBUG ] [ s.d.s.property.OptimizedModelPropertiesProvider : 315 ] - Adding property batchNo to model
2021-09-24 18:02:42.116 [ main ] - [ DEBUG ] [ s.d.schema.property.bean.BeanModelProperty : 73 ] - Evaluating unwrapped setter for member setBatchNo
2021-09-24 18:02:42.116 [ main ] - [ DEBUG ] [ s.d.schema.property.bean.BeanModelProperty : 73 ] - Evaluating unwrapped setter for member setBatchNo
2021-09-24 18:02:42.116 [ main ] - [ DEBUG ] [ s.d.schema.property.bean.BeanModelProperty : 73 ] - Evaluating unwrapped setter for member setBatchNo
2021-09-24 18:02:42.117 [ main ] - [ DEBUG ] [ s.d.schema.property.bean.BeanModelProperty : 73 ] - Evaluating unwrapped setter for member setBatchNo
2021-09-24 18:02:42.117 [ main ] - [ DEBUG ] [ s.d.s.property.OptimizedModelPropertiesProvider : 127 ] - Reading property projectId
2021-09-24 18:02:42.118 [ main ] - [ DEBUG ] [ s.d.schema.property.bean.BeanModelProperty : 73 ] - Evaluating unwrapped setter for member setProjectId
2021-09-24 18:02:42.118 [ main ] - [ DEBUG ] [ s.d.s.p.ObjectMapperBeanPropertyNamingStrategy : 73 ] - Name 'projectId' renamed to 'projectId'
2021-09-24 18:02:42.118 [ main ] - [ DEBUG ] [ s.d.s.property.OptimizedModelPropertiesProvider : 315 ] - Adding property projectId to model
2021-09-24 18:02:42.118 [ main ] - [ DEBUG ] [ s.d.schema.property.bean.BeanModelProperty : 73 ] - Evaluating unwrapped setter for member setProjectId
2021-09-24 18:02:42.119 [ main ] - [ DEBUG ] [ s.d.schema.property.bean.BeanModelProperty : 73 ] - Evaluating unwrapped setter for member setProjectId
2021-09-24 18:02:42.119 [ main ] - [ DEBUG ] [ s.d.schema.property.bean.BeanModelProperty : 73 ] - Evaluating unwrapped setter for member setProjectId
2021-09-24 18:02:42.119 [ main ] - [ DEBUG ] [ s.d.schema.property.bean.BeanModelProperty : 73 ] - Evaluating unwrapped setter for member setProjectId
2021-09-24 18:02:42.119 [ main ] - [ DEBUG ] [ s.d.s.property.OptimizedModelPropertiesProvider : 127 ] - Reading property goodsId
2021-09-24 18:02:42.120 [ main ] - [ DEBUG ] [ s.d.schema.property.bean.BeanModelProperty : 73 ] - Evaluating unwrapped setter for member setGoodsId
2021-09-24 18:02:42.120 [ main ] - [ DEBUG ] [ s.d.s.p.ObjectMapperBeanPropertyNamingStrategy : 73 ] - Name 'goodsId' renamed to 'goodsId'
2021-09-24 18:02:42.121 [ main ] - [ DEBUG ] [ s.d.s.property.OptimizedModelPropertiesProvider : 315 ] - Adding property goodsId to model
2021-09-24 18:02:42.121 [ main ] - [ DEBUG ] [ s.d.schema.property.bean.BeanModelProperty : 73 ] - Evaluating unwrapped setter for member setGoodsId
2021-09-24 18:02:42.121 [ main ] - [ DEBUG ] [ s.d.schema.property.bean.BeanModelProperty : 73 ] - Evaluating unwrapped setter for member setGoodsId
2021-09-24 18:02:42.122 [ main ] - [ DEBUG ] [ s.d.schema.property.bean.BeanModelProperty : 73 ] - Evaluating unwrapped setter for member setGoodsId
2021-09-24 18:02:42.123 [ main ] - [ DEBUG ] [ s.d.schema.property.bean.BeanModelProperty : 73 ] - Evaluating unwrapped setter for member setGoodsId
2021-09-24 18:02:42.124 [ main ] - [ DEBUG ] [ s.d.s.property.OptimizedModelPropertiesProvider : 127 ] - Reading property goodsName
2021-09-24 18:02:42.124 [ main ] - [ DEBUG ] [ s.d.schema.property.bean.BeanModelProperty : 73 ] - Evaluating unwrapped setter for member setGoodsName
2021-09-24 18:02:42.124 [ main ] - [ DEBUG ] [ s.d.s.p.ObjectMapperBeanPropertyNamingStrategy : 73 ] - Name 'goodsName' renamed to 'goodsName'
2021-09-24 18:02:42.125 [ main ] - [ DEBUG ] [ s.d.s.property.OptimizedModelPropertiesProvider : 315 ] - Adding property goodsName to model
2021-09-24 18:02:42.125 [ main ] - [ DEBUG ] [ s.d.schema.property.bean.BeanModelProperty : 73 ] - Evaluating unwrapped setter for member setGoodsName
2021-09-24 18:02:42.125 [ main ] - [ DEBUG ] [ s.d.schema.property.bean.BeanModelProperty : 73 ] - Evaluating unwrapped setter for member setGoodsName
2021-09-24 18:02:42.125 [ main ] - [ DEBUG ] [ s.d.schema.property.bean.BeanModelProperty : 73 ] - Evaluating unwrapped setter for member setGoodsName
2021-09-24 18:02:42.125 [ main ] - [ DEBUG ] [ s.d.schema.property.bean.BeanModelProperty : 73 ] - Evaluating unwrapped setter for member setGoodsName
2021-09-24 18:02:42.126 [ main ] - [ DEBUG ] [ s.d.s.property.OptimizedModelPropertiesProvider : 127 ] - Reading property goodsCount
2021-09-24 18:02:42.126 [ main ] - [ DEBUG ] [ s.d.schema.property.bean.BeanModelProperty : 73 ] - Evaluating unwrapped setter for member setGoodsCount
2021-09-24 18:02:42.126 [ main ] - [ DEBUG ] [ s.d.s.p.ObjectMapperBeanPropertyNamingStrategy : 73 ] - Name 'goodsCount' renamed to 'goodsCount'
2021-09-24 18:02:42.127 [ main ] - [ DEBUG ] [ s.d.s.property.OptimizedModelPropertiesProvider : 315 ] - Adding property goodsCount to model
2021-09-24 18:02:42.127 [ main ] - [ DEBUG ] [ s.d.schema.property.bean.BeanModelProperty : 73 ] - Evaluating unwrapped setter for member setGoodsCount
2021-09-24 18:02:42.127 [ main ] - [ DEBUG ] [ s.d.schema.property.bean.BeanModelProperty : 73 ] - Evaluating unwrapped setter for member setGoodsCount
2021-09-24 18:02:42.127 [ main ] - [ DEBUG ] [ s.d.schema.property.bean.BeanModelProperty : 73 ] - Evaluating unwrapped setter for member setGoodsCount
2021-09-24 18:02:42.127 [ main ] - [ DEBUG ] [ s.d.schema.property.bean.BeanModelProperty : 73 ] - Evaluating unwrapped setter for member setGoodsCount
2021-09-24 18:02:42.128 [ main ] - [ DEBUG ] [ s.d.s.property.OptimizedModelPropertiesProvider : 127 ] - Reading property income
2021-09-24 18:02:42.128 [ main ] - [ DEBUG ] [ s.d.schema.property.bean.BeanModelProperty : 73 ] - Evaluating unwrapped setter for member setIncome
2021-09-24 18:02:42.128 [ main ] - [ DEBUG ] [ s.d.s.p.ObjectMapperBeanPropertyNamingStrategy : 73 ] - Name 'income' renamed to 'income'
2021-09-24 18:02:42.129 [ main ] - [ DEBUG ] [ s.d.s.property.OptimizedModelPropertiesProvider : 315 ] - Adding property income to model
2021-09-24 18:02:42.129 [ main ] - [ DEBUG ] [ s.d.schema.property.bean.BeanModelProperty : 73 ] - Evaluating unwrapped setter for member setIncome
2021-09-24 18:02:42.129 [ main ] - [ DEBUG ] [ s.d.schema.property.bean.BeanModelProperty : 73 ] - Evaluating unwrapped setter for member setIncome
2021-09-24 18:02:42.129 [ main ] - [ DEBUG ] [ s.d.schema.property.bean.BeanModelProperty : 73 ] - Evaluating unwrapped setter for member setIncome
2021-09-24 18:02:42.130 [ main ] - [ DEBUG ] [ s.d.schema.property.bean.BeanModelProperty : 73 ] - Evaluating unwrapped setter for member setIncome
2021-09-24 18:02:42.131 [ main ] - [ DEBUG ] [ s.d.s.property.OptimizedModelPropertiesProvider : 127 ] - Reading property sell
2021-09-24 18:02:42.131 [ main ] - [ DEBUG ] [ s.d.schema.property.bean.BeanModelProperty : 73 ] - Evaluating unwrapped setter for member setSell
2021-09-24 18:02:42.131 [ main ] - [ DEBUG ] [ s.d.s.p.ObjectMapperBeanPropertyNamingStrategy : 73 ] - Name 'sell' renamed to 'sell'
2021-09-24 18:02:42.132 [ main ] - [ DEBUG ] [ s.d.s.property.OptimizedModelPropertiesProvider : 315 ] - Adding property sell to model
2021-09-24 18:02:42.132 [ main ] - [ DEBUG ] [ s.d.schema.property.bean.BeanModelProperty : 73 ] - Evaluating unwrapped setter for member setSell
2021-09-24 18:02:42.132 [ main ] - [ DEBUG ] [ s.d.schema.property.bean.BeanModelProperty : 73 ] - Evaluating unwrapped setter for member setSell
2021-09-24 18:02:42.132 [ main ] - [ DEBUG ] [ s.d.schema.property.bean.BeanModelProperty : 73 ] - Evaluating unwrapped setter for member setSell
2021-09-24 18:02:42.133 [ main ] - [ DEBUG ] [ s.d.schema.property.bean.BeanModelProperty : 73 ] - Evaluating unwrapped setter for member setSell
2021-09-24 18:02:42.133 [ main ] - [ DEBUG ] [ s.d.s.property.OptimizedModelPropertiesProvider : 127 ] - Reading property state
2021-09-24 18:02:42.134 [ main ] - [ DEBUG ] [ s.d.schema.property.bean.BeanModelProperty : 73 ] - Evaluating unwrapped setter for member setState
2021-09-24 18:02:42.135 [ main ] - [ DEBUG ] [ s.d.s.p.ObjectMapperBeanPropertyNamingStrategy : 73 ] - Name 'state' renamed to 'state'
2021-09-24 18:02:42.135 [ main ] - [ DEBUG ] [ s.d.s.property.OptimizedModelPropertiesProvider : 315 ] - Adding property state to model
2021-09-24 18:02:42.135 [ main ] - [ DEBUG ] [ s.d.schema.property.bean.BeanModelProperty : 73 ] - Evaluating unwrapped setter for member setState
2021-09-24 18:02:42.136 [ main ] - [ DEBUG ] [ s.d.schema.property.bean.BeanModelProperty : 73 ] - Evaluating unwrapped setter for member setState
2021-09-24 18:02:42.136 [ main ] - [ DEBUG ] [ s.d.schema.property.bean.BeanModelProperty : 73 ] - Evaluating unwrapped setter for member setState
2021-09-24 18:02:42.136 [ main ] - [ DEBUG ] [ s.d.schema.property.bean.BeanModelProperty : 73 ] - Evaluating unwrapped setter for member setState
2021-09-24 18:02:42.137 [ main ] - [ DEBUG ] [ s.d.s.property.OptimizedModelPropertiesProvider : 127 ] - Reading property remarks
2021-09-24 18:02:42.138 [ main ] - [ DEBUG ] [ s.d.schema.property.bean.BeanModelProperty : 73 ] - Evaluating unwrapped setter for member setRemarks
2021-09-24 18:02:42.139 [ main ] - [ DEBUG ] [ s.d.s.p.ObjectMapperBeanPropertyNamingStrategy : 73 ] - Name 'remarks' renamed to 'remarks'
2021-09-24 18:02:42.139 [ main ] - [ DEBUG ] [ s.d.s.property.OptimizedModelPropertiesProvider : 315 ] - Adding property remarks to model
2021-09-24 18:02:42.140 [ main ] - [ DEBUG ] [ s.d.schema.property.bean.BeanModelProperty : 73 ] - Evaluating unwrapped setter for member setRemarks
2021-09-24 18:02:42.140 [ main ] - [ DEBUG ] [ s.d.schema.property.bean.BeanModelProperty : 73 ] - Evaluating unwrapped setter for member setRemarks
2021-09-24 18:02:42.140 [ main ] - [ DEBUG ] [ s.d.schema.property.bean.BeanModelProperty : 73 ] - Evaluating unwrapped setter for member setRemarks
2021-09-24 18:02:42.140 [ main ] - [ DEBUG ] [ s.d.schema.property.bean.BeanModelProperty : 73 ] - Evaluating unwrapped setter for member setRemarks
2021-09-24 18:02:42.141 [ main ] - [ DEBUG ] [ s.documentation.schema.DefaultModelProvider : 101 ] - Inferred 11 properties. Properties found batchNo, goodsCount, goodsId, goodsName, income, projectId, remarks, sell, state, tradeId, userId
2021-09-24 18:02:42.141 [ main ] - [ DEBUG ] [ s.documentation.spring.web.scanners.ApiModelReader : 71 ] - Generated parameter model id: 交易记录修改请求体, name: 交易记录修改请求体, schema: {} models
2021-09-24 18:02:42.141 [ main ] - [ DEBUG ] [ s.documentation.spring.web.scanners.ApiModelReader : 89 ] - Adding a new model with key 交易记录修改请求体
2021-09-24 18:02:42.142 [ main ] - [ DEBUG ] [ s.documentation.spring.web.scanners.ApiModelReader : 71 ] - Generated parameter model id: 交易记录增删改返回体, name: 交易记录增删改返回体, schema: {} models
2021-09-24 18:02:42.144 [ main ] - [ DEBUG ] [ s.d.s.w.r.operation.OperationResponseClassReader : 59 ] - Setting spring response class to: 交易记录增删改返回体
2021-09-24 18:02:42.145 [ main ] - [ DEBUG ] [ s.d.s.readers.operation.VendorExtensionsReader : 59 ] - Extension count 1 for method update
2021-09-24 18:02:42.145 [ main ] - [ DEBUG ] [ s.d.s.r.o.SwaggerOperationResponseClassReader : 74 ] - Setting response class to:交易记录增删改返回体
2021-09-24 18:02:42.145 [ main ] - [ DEBUG ] [ s.d.swagger.readers.operation.OperationAuthReader : 103 ] - Authorization count 0 for method update
2021-09-24 18:02:42.147 [ main ] - [ INFO  ] [ s.d.s.w.r.operation.CachingOperationNameGenerator : 40 ] - Generating unique operation named: updateUsingPOST_1
2021-09-24 18:02:42.217 [ main ] - [ INFO  ] [ com.rbl.accounts.AccountsApplication : 61 ] - Started AccountsApplication in 3.978 seconds (JVM running for 4.962)
2021-09-24 18:02:56.479 [ http-nio-8080-exec-2 ] - [ INFO  ] [ o.a.c.core.ContainerBase.[Tomcat].[localhost].[/] : 173 ] - Initializing Spring DispatcherServlet 'dispatcherServlet'
2021-09-24 18:02:56.491 [ http-nio-8080-exec-2 ] - [ DEBUG ] [ s.d.s.w.PropertySourcedRequestMappingHandlerMapping : 108 ] - looking up handler for path: /trade/getAll
2021-09-24 18:02:56.635 [ http-nio-8080-exec-2 ] - [ DEBUG ] [ org.mybatis.spring.SqlSessionUtils : 49 ] - Creating a new SqlSession
2021-09-24 18:02:56.640 [ http-nio-8080-exec-2 ] - [ DEBUG ] [ org.mybatis.spring.SqlSessionUtils : 49 ] - SqlSession [org.apache.ibatis.session.defaults.DefaultSqlSession@51370642] was not registered for synchronization because synchronization is not active
2021-09-24 18:02:56.665 [ http-nio-8080-exec-2 ] - [ DEBUG ] [ com.zaxxer.hikari.HikariConfig : 1103 ] - HikariPool-1 - configuration:
2021-09-24 18:02:56.666 [ http-nio-8080-exec-2 ] - [ DEBUG ] [ com.zaxxer.hikari.HikariConfig : 1135 ] - allowPoolSuspension................................false
2021-09-24 18:02:56.667 [ http-nio-8080-exec-2 ] - [ DEBUG ] [ com.zaxxer.hikari.HikariConfig : 1135 ] - autoCommit................................true
2021-09-24 18:02:56.667 [ http-nio-8080-exec-2 ] - [ DEBUG ] [ com.zaxxer.hikari.HikariConfig : 1135 ] - catalog................................none
2021-09-24 18:02:56.667 [ http-nio-8080-exec-2 ] - [ DEBUG ] [ com.zaxxer.hikari.HikariConfig : 1135 ] - connectionInitSql................................none
2021-09-24 18:02:56.667 [ http-nio-8080-exec-2 ] - [ DEBUG ] [ com.zaxxer.hikari.HikariConfig : 1135 ] - connectionTestQuery................................none
2021-09-24 18:02:56.667 [ http-nio-8080-exec-2 ] - [ DEBUG ] [ com.zaxxer.hikari.HikariConfig : 1135 ] - connectionTimeout................................30000
2021-09-24 18:02:56.668 [ http-nio-8080-exec-2 ] - [ DEBUG ] [ com.zaxxer.hikari.HikariConfig : 1135 ] - dataSource................................none
2021-09-24 18:02:56.668 [ http-nio-8080-exec-2 ] - [ DEBUG ] [ com.zaxxer.hikari.HikariConfig : 1135 ] - dataSourceClassName................................none
2021-09-24 18:02:56.668 [ http-nio-8080-exec-2 ] - [ DEBUG ] [ com.zaxxer.hikari.HikariConfig : 1135 ] - dataSourceJNDI................................none
2021-09-24 18:02:56.668 [ http-nio-8080-exec-2 ] - [ DEBUG ] [ com.zaxxer.hikari.HikariConfig : 1135 ] - dataSourceProperties................................{password=<masked>}
2021-09-24 18:02:56.669 [ http-nio-8080-exec-2 ] - [ DEBUG ] [ com.zaxxer.hikari.HikariConfig : 1135 ] - driverClassName................................"com.mysql.cj.jdbc.Driver"
2021-09-24 18:02:56.669 [ http-nio-8080-exec-2 ] - [ DEBUG ] [ com.zaxxer.hikari.HikariConfig : 1135 ] - exceptionOverrideClassName................................none
2021-09-24 18:02:56.669 [ http-nio-8080-exec-2 ] - [ DEBUG ] [ com.zaxxer.hikari.HikariConfig : 1135 ] - healthCheckProperties................................{}
2021-09-24 18:02:56.669 [ http-nio-8080-exec-2 ] - [ DEBUG ] [ com.zaxxer.hikari.HikariConfig : 1135 ] - healthCheckRegistry................................none
2021-09-24 18:02:56.669 [ http-nio-8080-exec-2 ] - [ DEBUG ] [ com.zaxxer.hikari.HikariConfig : 1135 ] - idleTimeout................................600000
2021-09-24 18:02:56.670 [ http-nio-8080-exec-2 ] - [ DEBUG ] [ com.zaxxer.hikari.HikariConfig : 1135 ] - initializationFailTimeout................................1
2021-09-24 18:02:56.670 [ http-nio-8080-exec-2 ] - [ DEBUG ] [ com.zaxxer.hikari.HikariConfig : 1135 ] - isolateInternalQueries................................false
2021-09-24 18:02:56.670 [ http-nio-8080-exec-2 ] - [ DEBUG ] [ com.zaxxer.hikari.HikariConfig : 1135 ] - jdbcUrl................................jdbc:mysql://localhost:7777/keep_accounts?useUnicode=true&characterEncoding=utf-8&serverTimezone=Asia/Shanghai
2021-09-24 18:02:56.670 [ http-nio-8080-exec-2 ] - [ DEBUG ] [ com.zaxxer.hikari.HikariConfig : 1135 ] - keepaliveTime................................0
2021-09-24 18:02:56.670 [ http-nio-8080-exec-2 ] - [ DEBUG ] [ com.zaxxer.hikari.HikariConfig : 1135 ] - leakDetectionThreshold................................0
2021-09-24 18:02:56.671 [ http-nio-8080-exec-2 ] - [ DEBUG ] [ com.zaxxer.hikari.HikariConfig : 1135 ] - maxLifetime................................1800000
2021-09-24 18:02:56.671 [ http-nio-8080-exec-2 ] - [ DEBUG ] [ com.zaxxer.hikari.HikariConfig : 1135 ] - maximumPoolSize................................10
2021-09-24 18:02:56.671 [ http-nio-8080-exec-2 ] - [ DEBUG ] [ com.zaxxer.hikari.HikariConfig : 1135 ] - metricRegistry................................none
2021-09-24 18:02:56.671 [ http-nio-8080-exec-2 ] - [ DEBUG ] [ com.zaxxer.hikari.HikariConfig : 1135 ] - metricsTrackerFactory................................none
2021-09-24 18:02:56.671 [ http-nio-8080-exec-2 ] - [ DEBUG ] [ com.zaxxer.hikari.HikariConfig : 1135 ] - minimumIdle................................10
2021-09-24 18:02:56.671 [ http-nio-8080-exec-2 ] - [ DEBUG ] [ com.zaxxer.hikari.HikariConfig : 1135 ] - password................................<masked>
2021-09-24 18:02:56.672 [ http-nio-8080-exec-2 ] - [ DEBUG ] [ com.zaxxer.hikari.HikariConfig : 1135 ] - poolName................................"HikariPool-1"
2021-09-24 18:02:56.672 [ http-nio-8080-exec-2 ] - [ DEBUG ] [ com.zaxxer.hikari.HikariConfig : 1135 ] - readOnly................................false
2021-09-24 18:02:56.672 [ http-nio-8080-exec-2 ] - [ DEBUG ] [ com.zaxxer.hikari.HikariConfig : 1135 ] - registerMbeans................................false
2021-09-24 18:02:56.672 [ http-nio-8080-exec-2 ] - [ DEBUG ] [ com.zaxxer.hikari.HikariConfig : 1135 ] - scheduledExecutor................................none
2021-09-24 18:02:56.672 [ http-nio-8080-exec-2 ] - [ DEBUG ] [ com.zaxxer.hikari.HikariConfig : 1135 ] - schema................................none
2021-09-24 18:02:56.672 [ http-nio-8080-exec-2 ] - [ DEBUG ] [ com.zaxxer.hikari.HikariConfig : 1135 ] - threadFactory................................internal
2021-09-24 18:02:56.673 [ http-nio-8080-exec-2 ] - [ DEBUG ] [ com.zaxxer.hikari.HikariConfig : 1135 ] - transactionIsolation................................default
2021-09-24 18:02:56.673 [ http-nio-8080-exec-2 ] - [ DEBUG ] [ com.zaxxer.hikari.HikariConfig : 1135 ] - username................................"root"
2021-09-24 18:02:56.673 [ http-nio-8080-exec-2 ] - [ DEBUG ] [ com.zaxxer.hikari.HikariConfig : 1135 ] - validationTimeout................................5000
2021-09-24 18:02:56.673 [ http-nio-8080-exec-2 ] - [ INFO  ] [ com.zaxxer.hikari.HikariDataSource : 110 ] - HikariPool-1 - Starting...
2021-09-24 18:02:57.132 [ http-nio-8080-exec-2 ] - [ DEBUG ] [ com.zaxxer.hikari.pool.HikariPool : 565 ] - HikariPool-1 - Added connection com.mysql.cj.jdbc.ConnectionImpl@742fc269
2021-09-24 18:02:57.134 [ http-nio-8080-exec-2 ] - [ INFO  ] [ com.zaxxer.hikari.HikariDataSource : 123 ] - HikariPool-1 - Start completed.
2021-09-24 18:02:57.138 [ http-nio-8080-exec-2 ] - [ DEBUG ] [ o.m.spring.transaction.SpringManagedTransaction : 49 ] - JDBC Connection [HikariProxyConnection@1981032627 wrapping com.mysql.cj.jdbc.ConnectionImpl@742fc269] will not be managed by Spring
2021-09-24 18:02:57.143 [ http-nio-8080-exec-2 ] - [ DEBUG ] [ com.rbl.accounts.mapper.TradeDetailMapper.find : 143 ] - ==>  Preparing: Select id , user_id, batch_no,trade_id,project_id, goods_id, goods_name, goods_count, income, sell, remarks, state,create_time, update_time,sell_time FROM `keep_accounts`.`trade_detail` WHERE user_id = ? AND project_id = ? AND state = ? 
2021-09-24 18:02:57.169 [ http-nio-8080-exec-2 ] - [ DEBUG ] [ com.rbl.accounts.mapper.TradeDetailMapper.find : 143 ] - ==> Parameters: rbl(String), 1(String), 1(Integer)
2021-09-24 18:02:57.202 [ http-nio-8080-exec-2 ] - [ DEBUG ] [ com.rbl.accounts.mapper.TradeDetailMapper.find : 143 ] - <==      Total: 15
2021-09-24 18:02:57.206 [ http-nio-8080-exec-2 ] - [ DEBUG ] [ org.mybatis.spring.SqlSessionUtils : 49 ] - Closing non transactional SqlSession [org.apache.ibatis.session.defaults.DefaultSqlSession@51370642]
2021-09-24 18:02:57.238 [ HikariPool-1 housekeeper ] - [ DEBUG ] [ com.zaxxer.hikari.pool.HikariPool : 421 ] - HikariPool-1 - Pool stats (total=1, active=0, idle=1, waiting=0)
2021-09-24 18:02:57.271 [ HikariPool-1 connection adder ] - [ DEBUG ] [ com.zaxxer.hikari.pool.HikariPool : 729 ] - HikariPool-1 - Added connection com.mysql.cj.jdbc.ConnectionImpl@71a034d
2021-09-24 18:02:57.298 [ HikariPool-1 connection adder ] - [ DEBUG ] [ com.zaxxer.hikari.pool.HikariPool : 729 ] - HikariPool-1 - Added connection com.mysql.cj.jdbc.ConnectionImpl@e6505d8
2021-09-24 18:02:57.327 [ HikariPool-1 connection adder ] - [ DEBUG ] [ com.zaxxer.hikari.pool.HikariPool : 729 ] - HikariPool-1 - Added connection com.mysql.cj.jdbc.ConnectionImpl@7e36fcb3
2021-09-24 18:02:57.396 [ HikariPool-1 connection adder ] - [ DEBUG ] [ com.zaxxer.hikari.pool.HikariPool : 729 ] - HikariPool-1 - Added connection com.mysql.cj.jdbc.ConnectionImpl@2bf37b80
2021-09-24 18:02:57.444 [ HikariPool-1 connection adder ] - [ DEBUG ] [ com.zaxxer.hikari.pool.HikariPool : 729 ] - HikariPool-1 - Added connection com.mysql.cj.jdbc.ConnectionImpl@49d04673
2021-09-24 18:02:57.489 [ HikariPool-1 connection adder ] - [ DEBUG ] [ com.zaxxer.hikari.pool.HikariPool : 729 ] - HikariPool-1 - Added connection com.mysql.cj.jdbc.ConnectionImpl@ca375ba
2021-09-24 18:02:57.513 [ HikariPool-1 connection adder ] - [ DEBUG ] [ com.zaxxer.hikari.pool.HikariPool : 729 ] - HikariPool-1 - Added connection com.mysql.cj.jdbc.ConnectionImpl@282d484a
2021-09-24 18:02:57.541 [ HikariPool-1 connection adder ] - [ DEBUG ] [ com.zaxxer.hikari.pool.HikariPool : 729 ] - HikariPool-1 - Added connection com.mysql.cj.jdbc.ConnectionImpl@6de6156
2021-09-24 18:02:57.559 [ HikariPool-1 connection adder ] - [ DEBUG ] [ com.zaxxer.hikari.pool.HikariPool : 729 ] - HikariPool-1 - Added connection com.mysql.cj.jdbc.ConnectionImpl@44d28539
2021-09-24 18:02:57.559 [ HikariPool-1 connection adder ] - [ DEBUG ] [ com.zaxxer.hikari.pool.HikariPool : 421 ] - HikariPool-1 - After adding stats (total=10, active=0, idle=10, waiting=0)
2021-09-24 18:03:27.242 [ HikariPool-1 housekeeper ] - [ DEBUG ] [ com.zaxxer.hikari.pool.HikariPool : 421 ] - HikariPool-1 - Pool stats (total=10, active=0, idle=10, waiting=0)
2021-09-24 18:03:27.242 [ HikariPool-1 housekeeper ] - [ DEBUG ] [ com.zaxxer.hikari.pool.HikariPool : 518 ] - HikariPool-1 - Fill pool skipped, pool is at sufficient level.
2021-09-24 18:03:57.247 [ HikariPool-1 housekeeper ] - [ DEBUG ] [ com.zaxxer.hikari.pool.HikariPool : 421 ] - HikariPool-1 - Pool stats (total=10, active=0, idle=10, waiting=0)
2021-09-24 18:03:57.247 [ HikariPool-1 housekeeper ] - [ DEBUG ] [ com.zaxxer.hikari.pool.HikariPool : 518 ] - HikariPool-1 - Fill pool skipped, pool is at sufficient level.
2021-09-24 18:04:27.252 [ HikariPool-1 housekeeper ] - [ DEBUG ] [ com.zaxxer.hikari.pool.HikariPool : 421 ] - HikariPool-1 - Pool stats (total=10, active=0, idle=10, waiting=0)
2021-09-24 18:04:27.254 [ HikariPool-1 housekeeper ] - [ DEBUG ] [ com.zaxxer.hikari.pool.HikariPool : 518 ] - HikariPool-1 - Fill pool skipped, pool is at sufficient level.
2021-09-24 18:04:57.259 [ HikariPool-1 housekeeper ] - [ DEBUG ] [ com.zaxxer.hikari.pool.HikariPool : 421 ] - HikariPool-1 - Pool stats (total=10, active=0, idle=10, waiting=0)
2021-09-24 18:04:57.260 [ HikariPool-1 housekeeper ] - [ DEBUG ] [ com.zaxxer.hikari.pool.HikariPool : 518 ] - HikariPool-1 - Fill pool skipped, pool is at sufficient level.
2021-09-24 18:05:27.261 [ HikariPool-1 housekeeper ] - [ DEBUG ] [ com.zaxxer.hikari.pool.HikariPool : 421 ] - HikariPool-1 - Pool stats (total=10, active=0, idle=10, waiting=0)
2021-09-24 18:05:27.262 [ HikariPool-1 housekeeper ] - [ DEBUG ] [ com.zaxxer.hikari.pool.HikariPool : 518 ] - HikariPool-1 - Fill pool skipped, pool is at sufficient level.
2021-09-24 18:05:57.264 [ HikariPool-1 housekeeper ] - [ DEBUG ] [ com.zaxxer.hikari.pool.HikariPool : 421 ] - HikariPool-1 - Pool stats (total=10, active=0, idle=10, waiting=0)
2021-09-24 18:05:57.265 [ HikariPool-1 housekeeper ] - [ DEBUG ] [ com.zaxxer.hikari.pool.HikariPool : 518 ] - HikariPool-1 - Fill pool skipped, pool is at sufficient level.
2021-09-24 18:06:27.266 [ HikariPool-1 housekeeper ] - [ DEBUG ] [ com.zaxxer.hikari.pool.HikariPool : 421 ] - HikariPool-1 - Pool stats (total=10, active=0, idle=10, waiting=0)
2021-09-24 18:06:27.267 [ HikariPool-1 housekeeper ] - [ DEBUG ] [ com.zaxxer.hikari.pool.HikariPool : 518 ] - HikariPool-1 - Fill pool skipped, pool is at sufficient level.
2021-09-24 18:06:52.208 [ http-nio-8080-exec-5 ] - [ DEBUG ] [ s.d.s.w.PropertySourcedRequestMappingHandlerMapping : 108 ] - looking up handler for path: /trade/getAll
2021-09-24 18:06:52.210 [ http-nio-8080-exec-5 ] - [ DEBUG ] [ org.mybatis.spring.SqlSessionUtils : 49 ] - Creating a new SqlSession
2021-09-24 18:06:52.211 [ http-nio-8080-exec-5 ] - [ DEBUG ] [ org.mybatis.spring.SqlSessionUtils : 49 ] - SqlSession [org.apache.ibatis.session.defaults.DefaultSqlSession@69564e3b] was not registered for synchronization because synchronization is not active
2021-09-24 18:06:52.214 [ http-nio-8080-exec-5 ] - [ DEBUG ] [ o.m.spring.transaction.SpringManagedTransaction : 49 ] - JDBC Connection [HikariProxyConnection@1737604449 wrapping com.mysql.cj.jdbc.ConnectionImpl@742fc269] will not be managed by Spring
2021-09-24 18:06:52.215 [ http-nio-8080-exec-5 ] - [ DEBUG ] [ com.rbl.accounts.mapper.TradeDetailMapper.find : 143 ] - ==>  Preparing: Select id , user_id, batch_no,trade_id,project_id, goods_id, goods_name, goods_count, income, sell, remarks, state,create_time, update_time,sell_time FROM `keep_accounts`.`trade_detail` WHERE user_id = ? AND project_id = ? AND state = ? 
2021-09-24 18:06:52.217 [ http-nio-8080-exec-5 ] - [ DEBUG ] [ com.rbl.accounts.mapper.TradeDetailMapper.find : 143 ] - ==> Parameters: rbl(String), 1(String), 1(Integer)
2021-09-24 18:06:52.229 [ http-nio-8080-exec-5 ] - [ DEBUG ] [ com.rbl.accounts.mapper.TradeDetailMapper.find : 143 ] - <==      Total: 15
2021-09-24 18:06:52.230 [ http-nio-8080-exec-5 ] - [ DEBUG ] [ org.mybatis.spring.SqlSessionUtils : 49 ] - Closing non transactional SqlSession [org.apache.ibatis.session.defaults.DefaultSqlSession@69564e3b]
2021-09-24 18:06:57.268 [ HikariPool-1 housekeeper ] - [ DEBUG ] [ com.zaxxer.hikari.pool.HikariPool : 421 ] - HikariPool-1 - Pool stats (total=10, active=0, idle=10, waiting=0)
2021-09-24 18:06:57.269 [ HikariPool-1 housekeeper ] - [ DEBUG ] [ com.zaxxer.hikari.pool.HikariPool : 518 ] - HikariPool-1 - Fill pool skipped, pool is at sufficient level.
2021-09-24 18:07:13.676 [ SpringApplicationShutdownHook ] - [ INFO  ] [ com.zaxxer.hikari.HikariDataSource : 350 ] - HikariPool-1 - Shutdown initiated...
2021-09-24 18:07:13.676 [ SpringApplicationShutdownHook ] - [ DEBUG ] [ com.zaxxer.hikari.pool.HikariPool : 421 ] - HikariPool-1 - Before shutdown stats (total=10, active=0, idle=10, waiting=0)
2021-09-24 18:07:13.677 [ HikariPool-1 connection closer ] - [ DEBUG ] [ com.zaxxer.hikari.pool.PoolBase : 134 ] - HikariPool-1 - Closing connection com.mysql.cj.jdbc.ConnectionImpl@742fc269: (connection evicted)
2021-09-24 18:07:13.679 [ HikariPool-1 connection closer ] - [ DEBUG ] [ com.zaxxer.hikari.pool.PoolBase : 134 ] - HikariPool-1 - Closing connection com.mysql.cj.jdbc.ConnectionImpl@71a034d: (connection evicted)
2021-09-24 18:07:13.680 [ HikariPool-1 connection closer ] - [ DEBUG ] [ com.zaxxer.hikari.pool.PoolBase : 134 ] - HikariPool-1 - Closing connection com.mysql.cj.jdbc.ConnectionImpl@e6505d8: (connection evicted)
2021-09-24 18:07:13.681 [ HikariPool-1 connection closer ] - [ DEBUG ] [ com.zaxxer.hikari.pool.PoolBase : 134 ] - HikariPool-1 - Closing connection com.mysql.cj.jdbc.ConnectionImpl@7e36fcb3: (connection evicted)
2021-09-24 18:07:13.682 [ HikariPool-1 connection closer ] - [ DEBUG ] [ com.zaxxer.hikari.pool.PoolBase : 134 ] - HikariPool-1 - Closing connection com.mysql.cj.jdbc.ConnectionImpl@2bf37b80: (connection evicted)
2021-09-24 18:07:13.683 [ HikariPool-1 connection closer ] - [ DEBUG ] [ com.zaxxer.hikari.pool.PoolBase : 134 ] - HikariPool-1 - Closing connection com.mysql.cj.jdbc.ConnectionImpl@49d04673: (connection evicted)
2021-09-24 18:07:13.685 [ HikariPool-1 connection closer ] - [ DEBUG ] [ com.zaxxer.hikari.pool.PoolBase : 134 ] - HikariPool-1 - Closing connection com.mysql.cj.jdbc.ConnectionImpl@ca375ba: (connection evicted)
2021-09-24 18:07:13.686 [ HikariPool-1 connection closer ] - [ DEBUG ] [ com.zaxxer.hikari.pool.PoolBase : 134 ] - HikariPool-1 - Closing connection com.mysql.cj.jdbc.ConnectionImpl@282d484a: (connection evicted)
2021-09-24 18:07:13.687 [ HikariPool-1 connection closer ] - [ DEBUG ] [ com.zaxxer.hikari.pool.PoolBase : 134 ] - HikariPool-1 - Closing connection com.mysql.cj.jdbc.ConnectionImpl@6de6156: (connection evicted)
2021-09-24 18:07:13.688 [ HikariPool-1 connection closer ] - [ DEBUG ] [ com.zaxxer.hikari.pool.PoolBase : 134 ] - HikariPool-1 - Closing connection com.mysql.cj.jdbc.ConnectionImpl@44d28539: (connection evicted)
2021-09-24 18:07:13.690 [ SpringApplicationShutdownHook ] - [ DEBUG ] [ com.zaxxer.hikari.pool.HikariPool : 421 ] - HikariPool-1 - After shutdown stats (total=0, active=0, idle=0, waiting=0)
2021-09-24 18:07:13.690 [ SpringApplicationShutdownHook ] - [ INFO  ] [ com.zaxxer.hikari.HikariDataSource : 352 ] - HikariPool-1 - Shutdown completed.
