2021-07-17 00:00:07.017 [ HikariPool-1 housekeeper ] - [ DEBUG ] [ com.zaxxer.hikari.pool.HikariPool : 421 ] - HikariPool-1 - Pool stats (total=10, active=0, idle=10, waiting=0)
2021-07-17 00:00:07.033 [ HikariPool-1 housekeeper ] - [ DEBUG ] [ com.zaxxer.hikari.pool.HikariPool : 518 ] - HikariPool-1 - Fill pool skipped, pool is at sufficient level.
2021-07-17 00:00:37.034 [ HikariPool-1 housekeeper ] - [ DEBUG ] [ com.zaxxer.hikari.pool.HikariPool : 421 ] - HikariPool-1 - Pool stats (total=10, active=0, idle=10, waiting=0)
2021-07-17 00:00:37.034 [ HikariPool-1 housekeeper ] - [ DEBUG ] [ com.zaxxer.hikari.pool.HikariPool : 518 ] - HikariPool-1 - Fill pool skipped, pool is at sufficient level.
2021-07-17 00:01:07.036 [ HikariPool-1 housekeeper ] - [ DEBUG ] [ com.zaxxer.hikari.pool.HikariPool : 421 ] - HikariPool-1 - Pool stats (total=10, active=0, idle=10, waiting=0)
2021-07-17 00:01:07.036 [ HikariPool-1 housekeeper ] - [ DEBUG ] [ com.zaxxer.hikari.pool.HikariPool : 518 ] - HikariPool-1 - Fill pool skipped, pool is at sufficient level.
2021-07-17 00:01:37.041 [ HikariPool-1 housekeeper ] - [ DEBUG ] [ com.zaxxer.hikari.pool.HikariPool : 421 ] - HikariPool-1 - Pool stats (total=10, active=0, idle=10, waiting=0)
2021-07-17 00:01:37.041 [ HikariPool-1 housekeeper ] - [ DEBUG ] [ com.zaxxer.hikari.pool.HikariPool : 518 ] - HikariPool-1 - Fill pool skipped, pool is at sufficient level.
2021-07-17 00:02:07.045 [ HikariPool-1 housekeeper ] - [ DEBUG ] [ com.zaxxer.hikari.pool.HikariPool : 421 ] - HikariPool-1 - Pool stats (total=10, active=0, idle=10, waiting=0)
2021-07-17 00:02:07.046 [ HikariPool-1 housekeeper ] - [ DEBUG ] [ com.zaxxer.hikari.pool.HikariPool : 518 ] - HikariPool-1 - Fill pool skipped, pool is at sufficient level.
2021-07-17 00:02:11.891 [ SpringApplicationShutdownHook ] - [ INFO  ] [ com.zaxxer.hikari.HikariDataSource : 350 ] - HikariPool-1 - Shutdown initiated...
2021-07-17 00:02:11.893 [ SpringApplicationShutdownHook ] - [ DEBUG ] [ com.zaxxer.hikari.pool.HikariPool : 421 ] - HikariPool-1 - Before shutdown stats (total=10, active=0, idle=10, waiting=0)
2021-07-17 00:02:11.894 [ HikariPool-1 connection closer ] - [ DEBUG ] [ com.zaxxer.hikari.pool.PoolBase : 134 ] - HikariPool-1 - Closing connection com.mysql.cj.jdbc.ConnectionImpl@61053116: (connection evicted)
2021-07-17 00:02:11.896 [ HikariPool-1 connection closer ] - [ DEBUG ] [ com.zaxxer.hikari.pool.PoolBase : 134 ] - HikariPool-1 - Closing connection com.mysql.cj.jdbc.ConnectionImpl@31b423b: (connection evicted)
2021-07-17 00:02:11.897 [ HikariPool-1 connection closer ] - [ DEBUG ] [ com.zaxxer.hikari.pool.PoolBase : 134 ] - HikariPool-1 - Closing connection com.mysql.cj.jdbc.ConnectionImpl@21290799: (connection evicted)
2021-07-17 00:02:11.898 [ HikariPool-1 connection closer ] - [ DEBUG ] [ com.zaxxer.hikari.pool.PoolBase : 134 ] - HikariPool-1 - Closing connection com.mysql.cj.jdbc.ConnectionImpl@7a247b3: (connection evicted)
2021-07-17 00:02:11.899 [ HikariPool-1 connection closer ] - [ DEBUG ] [ com.zaxxer.hikari.pool.PoolBase : 134 ] - HikariPool-1 - Closing connection com.mysql.cj.jdbc.ConnectionImpl@73ded584: (connection evicted)
2021-07-17 00:02:11.900 [ HikariPool-1 connection closer ] - [ DEBUG ] [ com.zaxxer.hikari.pool.PoolBase : 134 ] - HikariPool-1 - Closing connection com.mysql.cj.jdbc.ConnectionImpl@7fe7e9a: (connection evicted)
2021-07-17 00:02:11.900 [ HikariPool-1 connection closer ] - [ DEBUG ] [ com.zaxxer.hikari.pool.PoolBase : 134 ] - HikariPool-1 - Closing connection com.mysql.cj.jdbc.ConnectionImpl@467ad3b4: (connection evicted)
2021-07-17 00:02:11.901 [ HikariPool-1 connection closer ] - [ DEBUG ] [ com.zaxxer.hikari.pool.PoolBase : 134 ] - HikariPool-1 - Closing connection com.mysql.cj.jdbc.ConnectionImpl@3885d7d6: (connection evicted)
2021-07-17 00:02:11.903 [ HikariPool-1 connection closer ] - [ DEBUG ] [ com.zaxxer.hikari.pool.PoolBase : 134 ] - HikariPool-1 - Closing connection com.mysql.cj.jdbc.ConnectionImpl@71f43bc3: (connection evicted)
2021-07-17 00:02:11.904 [ HikariPool-1 connection closer ] - [ DEBUG ] [ com.zaxxer.hikari.pool.PoolBase : 134 ] - HikariPool-1 - Closing connection com.mysql.cj.jdbc.ConnectionImpl@24227d77: (connection evicted)
2021-07-17 00:02:11.905 [ SpringApplicationShutdownHook ] - [ DEBUG ] [ com.zaxxer.hikari.pool.HikariPool : 421 ] - HikariPool-1 - After shutdown stats (total=0, active=0, idle=0, waiting=0)
2021-07-17 00:02:11.906 [ SpringApplicationShutdownHook ] - [ INFO  ] [ com.zaxxer.hikari.HikariDataSource : 352 ] - HikariPool-1 - Shutdown completed.
